<?xml version="1.0" encoding="UTF-8"?>
<coverage generated="1638811156248" clover="3.2.0">
  <project timestamp="1638811156249" name="All files">
    <metrics statements="302" coveredstatements="171" conditionals="96" coveredconditionals="39" methods="24" coveredmethods="8" elements="422" coveredelements="218" complexity="0" loc="302" ncloc="302" packages="1" files="1" classes="1"/>
    <file name="server.js" path="C:\Users\Asus\Desktop\FileGItINGSW\progetto-swe-team-10\server.js">
      <metrics statements="302" coveredstatements="171" conditionals="96" coveredconditionals="39" methods="24" coveredmethods="8"/>
      <line num="1" count="1" type="stmt"/>
      <line num="2" count="1" type="stmt"/>
      <line num="3" count="1" type="stmt"/>
      <line num="4" count="1" type="stmt"/>
      <line num="5" count="1" type="stmt"/>
      <line num="6" count="1" type="stmt"/>
      <line num="7" count="1" type="stmt"/>
      <line num="8" count="1" type="stmt"/>
      <line num="10" count="1" type="stmt"/>
      <line num="12" count="1" type="stmt"/>
      <line num="14" count="1" type="stmt"/>
      <line num="15" count="1" type="stmt"/>
      <line num="16" count="1" type="stmt"/>
      <line num="18" count="1" type="stmt"/>
      <line num="19" count="1" type="stmt"/>
      <line num="23" count="0" type="stmt"/>
      <line num="31" count="0" type="stmt"/>
      <line num="32" count="0" type="cond" truecount="0" falsecount="2"/>
      <line num="33" count="0" type="stmt"/>
      <line num="35" count="0" type="stmt"/>
      <line num="41" count="1" type="stmt"/>
      <line num="43" count="1" type="stmt"/>
      <line num="44" count="1" type="stmt"/>
      <line num="46" count="1" type="stmt"/>
      <line num="55" count="1" type="stmt"/>
      <line num="56" count="1" type="stmt"/>
      <line num="58" count="1" type="stmt"/>
      <line num="64" count="0" type="stmt"/>
      <line num="65" count="0" type="stmt"/>
      <line num="68" count="1" type="stmt"/>
      <line num="69" count="1" type="stmt"/>
      <line num="71" count="1" type="stmt"/>
      <line num="72" count="1" type="stmt"/>
      <line num="73" count="1" type="cond" truecount="1" falsecount="1"/>
      <line num="74" count="0" type="stmt"/>
      <line num="75" count="0" type="stmt"/>
      <line num="79" count="0" type="stmt"/>
      <line num="82" count="1" type="cond" truecount="1" falsecount="1"/>
      <line num="84" count="1" type="cond" truecount="1" falsecount="1"/>
      <line num="85" count="0" type="stmt"/>
      <line num="87" count="1" type="cond" truecount="1" falsecount="1"/>
      <line num="88" count="0" type="stmt"/>
      <line num="91" count="1" type="stmt"/>
      <line num="93" count="1" type="stmt"/>
      <line num="94" count="1" type="stmt"/>
      <line num="95" count="1" type="cond" truecount="1" falsecount="1"/>
      <line num="96" count="0" type="stmt"/>
      <line num="97" count="0" type="stmt"/>
      <line num="101" count="0" type="stmt"/>
      <line num="104" count="1" type="stmt"/>
      <line num="105" count="1" type="stmt"/>
      <line num="107" count="1" type="stmt"/>
      <line num="110" count="1" type="stmt"/>
      <line num="111" count="1" type="stmt"/>
      <line num="113" count="1" type="cond" truecount="1" falsecount="1"/>
      <line num="114" count="0" type="stmt"/>
      <line num="117" count="1" type="stmt"/>
      <line num="125" count="0" type="stmt"/>
      <line num="128" count="1" type="stmt"/>
      <line num="134" count="30" type="stmt"/>
      <line num="135" count="30" type="stmt"/>
      <line num="136" count="30" type="stmt"/>
      <line num="137" count="120" type="stmt"/>
      <line num="138" count="120" type="stmt"/>
      <line num="140" count="30" type="stmt"/>
      <line num="141" count="30" type="stmt"/>
      <line num="143" count="30" type="stmt"/>
      <line num="147" count="1" type="stmt"/>
      <line num="148" count="1" type="stmt"/>
      <line num="149" count="1" type="stmt"/>
      <line num="150" count="1" type="cond" truecount="1" falsecount="1"/>
      <line num="151" count="1" type="stmt"/>
      <line num="153" count="1" type="stmt"/>
      <line num="155" count="1" type="cond" truecount="1" falsecount="1"/>
      <line num="156" count="0" type="stmt"/>
      <line num="157" count="0" type="stmt"/>
      <line num="160" count="1" type="stmt"/>
      <line num="161" count="30" type="cond" truecount="1" falsecount="1"/>
      <line num="162" count="0" type="stmt"/>
      <line num="163" count="0" type="stmt"/>
      <line num="164" count="0" type="stmt"/>
      <line num="167" count="30" type="stmt"/>
      <line num="168" count="30" type="stmt"/>
      <line num="169" count="30" type="stmt"/>
      <line num="170" count="30" type="stmt"/>
      <line num="172" count="30" type="stmt"/>
      <line num="173" count="30" type="stmt"/>
      <line num="175" count="1" type="stmt"/>
      <line num="176" count="1" type="stmt"/>
      <line num="180" count="0" type="stmt"/>
      <line num="187" count="0" type="stmt"/>
      <line num="188" count="0" type="stmt"/>
      <line num="189" count="0" type="stmt"/>
      <line num="192" count="0" type="stmt"/>
      <line num="194" count="0" type="stmt"/>
      <line num="199" count="0" type="stmt"/>
      <line num="200" count="0" type="stmt"/>
      <line num="201" count="0" type="stmt"/>
      <line num="204" count="0" type="stmt"/>
      <line num="207" count="0" type="stmt"/>
      <line num="212" count="20" type="stmt"/>
      <line num="213" count="20" type="stmt"/>
      <line num="215" count="20" type="stmt"/>
      <line num="216" count="20" type="stmt"/>
      <line num="217" count="20" type="stmt"/>
      <line num="218" count="20" type="stmt"/>
      <line num="221" count="20" type="stmt"/>
      <line num="222" count="20" type="stmt"/>
      <line num="225" count="20" type="stmt"/>
      <line num="237" count="0" type="stmt"/>
      <line num="246" count="20" type="stmt"/>
      <line num="250" count="1" type="stmt"/>
      <line num="251" count="7" type="stmt"/>
      <line num="253" count="7" type="cond" truecount="2" falsecount="0"/>
      <line num="255" count="7" type="cond" truecount="1" falsecount="1"/>
      <line num="256" count="0" type="stmt"/>
      <line num="258" count="7" type="cond" truecount="1" falsecount="1"/>
      <line num="259" count="0" type="stmt"/>
      <line num="262" count="7" type="stmt"/>
      <line num="263" count="7" type="cond" truecount="2" falsecount="0"/>
      <line num="265" count="7" type="cond" truecount="1" falsecount="1"/>
      <line num="266" count="0" type="stmt"/>
      <line num="267" count="0" type="stmt"/>
      <line num="270" count="7" type="cond" truecount="2" falsecount="0"/>
      <line num="271" count="7" type="cond" truecount="1" falsecount="1"/>
      <line num="274" count="7" type="cond" truecount="2" falsecount="0"/>
      <line num="275" count="1" type="stmt"/>
      <line num="277" count="6" type="cond" truecount="1" falsecount="1"/>
      <line num="278" count="0" type="stmt"/>
      <line num="281" count="7" type="cond" truecount="1" falsecount="1"/>
      <line num="282" count="7" type="stmt"/>
      <line num="283" count="1" type="stmt"/>
      <line num="286" count="7" type="cond" truecount="1" falsecount="1"/>
      <line num="287" count="0" type="stmt"/>
      <line num="289" count="7" type="cond" truecount="1" falsecount="1"/>
      <line num="290" count="0" type="stmt"/>
      <line num="293" count="7" type="stmt"/>
      <line num="295" count="7" type="stmt"/>
      <line num="297" count="7" type="stmt"/>
      <line num="299" count="7" type="cond" truecount="1" falsecount="1"/>
      <line num="300" count="0" type="stmt"/>
      <line num="301" count="0" type="stmt"/>
      <line num="305" count="0" type="stmt"/>
      <line num="309" count="7" type="stmt"/>
      <line num="310" count="7" type="cond" truecount="1" falsecount="1"/>
      <line num="312" count="7" type="stmt"/>
      <line num="314" count="7" type="stmt"/>
      <line num="315" count="7" type="stmt"/>
      <line num="316" count="7" type="stmt"/>
      <line num="317" count="7" type="stmt"/>
      <line num="318" count="7" type="stmt"/>
      <line num="319" count="7" type="stmt"/>
      <line num="320" count="7" type="stmt"/>
      <line num="322" count="7" type="cond" truecount="1" falsecount="1"/>
      <line num="323" count="7" type="stmt"/>
      <line num="325" count="132" type="stmt"/>
      <line num="326" count="132" type="stmt"/>
      <line num="328" count="132" type="cond" truecount="1" falsecount="1"/>
      <line num="330" count="0" type="stmt"/>
      <line num="333" count="132" type="cond" truecount="2" falsecount="0"/>
      <line num="335" count="20" type="stmt"/>
      <line num="336" count="20" type="stmt"/>
      <line num="337" count="20" type="stmt"/>
      <line num="338" count="20" type="stmt"/>
      <line num="339" count="20" type="stmt"/>
      <line num="341" count="132" type="stmt"/>
      <line num="352" count="0" type="stmt"/>
      <line num="353" count="0" type="stmt"/>
      <line num="358" count="0" type="stmt"/>
      <line num="362" count="7" type="stmt"/>
      <line num="363" count="7" type="cond" truecount="2" falsecount="0"/>
      <line num="364" count="5" type="stmt"/>
      <line num="365" count="5" type="stmt"/>
      <line num="366" count="5" type="stmt"/>
      <line num="367" count="5" type="stmt"/>
      <line num="370" count="7" type="stmt"/>
      <line num="371" count="7" type="stmt"/>
      <line num="372" count="7" type="stmt"/>
      <line num="373" count="7" type="stmt"/>
      <line num="376" count="0" type="stmt"/>
      <line num="382" count="0" type="stmt"/>
      <line num="383" count="0" type="stmt"/>
      <line num="384" count="0" type="stmt"/>
      <line num="386" count="0" type="stmt"/>
      <line num="389" count="0" type="stmt"/>
      <line num="391" count="0" type="stmt"/>
      <line num="394" count="0" type="stmt"/>
      <line num="407" count="0" type="stmt"/>
      <line num="412" count="1" type="stmt"/>
      <line num="413" count="0" type="stmt"/>
      <line num="414" count="0" type="stmt"/>
      <line num="416" count="0" type="stmt"/>
      <line num="418" count="0" type="stmt"/>
      <line num="436" count="0" type="stmt"/>
      <line num="439" count="0" type="stmt"/>
      <line num="442" count="0" type="stmt"/>
      <line num="445" count="0" type="stmt"/>
      <line num="448" count="0" type="stmt"/>
      <line num="451" count="0" type="stmt"/>
      <line num="454" count="0" type="stmt"/>
      <line num="456" count="0" type="stmt"/>
      <line num="457" count="0" type="stmt"/>
      <line num="461" count="0" type="stmt"/>
      <line num="462" count="0" type="cond" truecount="0" falsecount="2"/>
      <line num="464" count="0" type="stmt"/>
      <line num="465" count="0" type="cond" truecount="0" falsecount="2"/>
      <line num="467" count="0" type="stmt"/>
      <line num="470" count="0" type="stmt"/>
      <line num="471" count="0" type="stmt"/>
      <line num="472" count="0" type="cond" truecount="0" falsecount="2"/>
      <line num="474" count="0" type="stmt"/>
      <line num="475" count="0" type="stmt"/>
      <line num="476" count="0" type="stmt"/>
      <line num="478" count="0" type="cond" truecount="0" falsecount="4"/>
      <line num="481" count="0" type="stmt"/>
      <line num="482" count="0" type="stmt"/>
      <line num="483" count="0" type="stmt"/>
      <line num="486" count="0" type="cond" truecount="0" falsecount="2"/>
      <line num="488" count="0" type="stmt"/>
      <line num="497" count="0" type="stmt"/>
      <line num="501" count="0" type="stmt"/>
      <line num="502" count="0" type="stmt"/>
      <line num="505" count="0" type="stmt"/>
      <line num="506" count="0" type="stmt"/>
      <line num="508" count="0" type="stmt"/>
      <line num="509" count="0" type="stmt"/>
      <line num="516" count="1" type="stmt"/>
      <line num="517" count="1" type="stmt"/>
      <line num="518" count="1" type="stmt"/>
      <line num="519" count="1" type="stmt"/>
      <line num="522" count="1" type="cond" truecount="1" falsecount="1"/>
      <line num="523" count="0" type="stmt"/>
      <line num="526" count="1" type="stmt"/>
      <line num="529" count="1" type="stmt"/>
      <line num="530" count="1" type="stmt"/>
      <line num="531" count="1" type="stmt"/>
      <line num="532" count="1" type="stmt"/>
      <line num="533" count="3" type="stmt"/>
      <line num="534" count="3" type="cond" truecount="1" falsecount="1"/>
      <line num="535" count="2" type="stmt"/>
      <line num="536" count="4" type="cond" truecount="2" falsecount="0"/>
      <line num="537" count="2" type="stmt"/>
      <line num="538" count="2" type="stmt"/>
      <line num="553" count="0" type="stmt"/>
      <line num="557" count="1" type="stmt"/>
      <line num="558" count="1" type="stmt"/>
      <line num="560" count="1" type="stmt"/>
      <line num="561" count="1" type="stmt"/>
      <line num="563" count="1" type="cond" truecount="1" falsecount="1"/>
      <line num="565" count="1" type="stmt"/>
      <line num="567" count="1" type="stmt"/>
      <line num="568" count="2" type="stmt"/>
      <line num="577" count="1" type="stmt"/>
      <line num="581" count="1" type="stmt"/>
      <line num="582" count="1" type="stmt"/>
      <line num="583" count="1" type="stmt"/>
      <line num="584" count="1" type="stmt"/>
      <line num="585" count="1" type="stmt"/>
      <line num="587" count="1" type="stmt"/>
      <line num="589" count="1" type="stmt"/>
      <line num="590" count="1" type="stmt"/>
      <line num="593" count="1" type="cond" truecount="1" falsecount="1"/>
      <line num="594" count="0" type="stmt"/>
      <line num="597" count="1" type="stmt"/>
      <line num="599" count="1" type="stmt"/>
      <line num="600" count="0" type="stmt"/>
      <line num="601" count="0" type="cond" truecount="0" falsecount="2"/>
      <line num="602" count="0" type="stmt"/>
      <line num="603" count="0" type="stmt"/>
      <line num="606" count="0" type="stmt"/>
      <line num="612" count="0" type="stmt"/>
      <line num="614" count="0" type="cond" truecount="0" falsecount="2"/>
      <line num="615" count="0" type="stmt"/>
      <line num="616" count="0" type="stmt"/>
      <line num="619" count="0" type="stmt"/>
      <line num="620" count="0" type="stmt"/>
      <line num="621" count="0" type="cond" truecount="0" falsecount="2"/>
      <line num="622" count="0" type="stmt"/>
      <line num="626" count="0" type="stmt"/>
      <line num="628" count="0" type="cond" truecount="0" falsecount="2"/>
      <line num="629" count="0" type="stmt"/>
      <line num="630" count="0" type="stmt"/>
      <line num="633" count="0" type="stmt"/>
      <line num="634" count="0" type="stmt"/>
      <line num="635" count="0" type="stmt"/>
      <line num="636" count="0" type="stmt"/>
      <line num="638" count="0" type="cond" truecount="0" falsecount="2"/>
      <line num="639" count="0" type="cond" truecount="0" falsecount="2"/>
      <line num="640" count="0" type="cond" truecount="0" falsecount="2"/>
      <line num="641" count="0" type="stmt"/>
      <line num="648" count="0" type="stmt"/>
      <line num="650" count="0" type="stmt"/>
      <line num="652" count="0" type="cond" truecount="0" falsecount="2"/>
      <line num="653" count="0" type="cond" truecount="0" falsecount="2"/>
      <line num="654" count="0" type="stmt"/>
      <line num="659" count="0" type="stmt"/>
      <line num="664" count="0" type="stmt"/>
      <line num="666" count="0" type="stmt"/>
      <line num="667" count="0" type="stmt"/>
      <line num="675" count="1" type="stmt"/>
      <line num="678" count="1" type="stmt"/>
      <line num="685" count="1" type="stmt"/>
    </file>
  </project>
</coverage>
