{"C:\\Users\\Asus\\Desktop\\FileGItINGSW\\progetto-swe-team-10\\server.js": {"path":"C:\\Users\\Asus\\Desktop\\FileGItINGSW\\progetto-swe-team-10\\server.js","statementMap":{"0":{"start":{"line":1,"column":13},"end":{"line":1,"column":66}},"1":{"start":{"line":2,"column":16},"end":{"line":2,"column":34}},"2":{"start":{"line":3,"column":12},"end":{"line":3,"column":21}},"3":{"start":{"line":4,"column":13},"end":{"line":4,"column":28}},"4":{"start":{"line":5,"column":13},"end":{"line":5,"column":28}},"5":{"start":{"line":6,"column":75},"end":{"line":6,"column":100}},"6":{"start":{"line":7,"column":16},"end":{"line":7,"column":46}},"7":{"start":{"line":8,"column":17},"end":{"line":8,"column":38}},"8":{"start":{"line":10,"column":18},"end":{"line":10,"column":42}},"9":{"start":{"line":12,"column":17},"end":{"line":12,"column":50}},"10":{"start":{"line":14,"column":13},"end":{"line":14,"column":28}},"11":{"start":{"line":15,"column":15},"end":{"line":15,"column":35}},"12":{"start":{"line":16,"column":11},"end":{"line":16,"column":65}},"13":{"start":{"line":18,"column":17},"end":{"line":18,"column":38}},"14":{"start":{"line":19,"column":18},"end":{"line":19,"column":124}},"15":{"start":{"line":23,"column":20},"end":{"line":29,"column":3}},"16":{"start":{"line":31,"column":2},"end":{"line":36,"column":3}},"17":{"start":{"line":32,"column":4},"end":{"line":34,"column":5}},"18":{"start":{"line":33,"column":8},"end":{"line":33,"column":51}},"19":{"start":{"line":35,"column":4},"end":{"line":35,"column":50}},"20":{"start":{"line":41,"column":15},"end":{"line":41,"column":39}},"21":{"start":{"line":43,"column":0},"end":{"line":43,"column":46}},"22":{"start":{"line":44,"column":0},"end":{"line":44,"column":16}},"23":{"start":{"line":46,"column":8},"end":{"line":51,"column":2}},"24":{"start":{"line":55,"column":22},"end":{"line":55,"column":45}},"25":{"start":{"line":56,"column":15},"end":{"line":56,"column":37}},"26":{"start":{"line":58,"column":0},"end":{"line":58,"column":24}},"27":{"start":{"line":64,"column":16},"end":{"line":64,"column":47}},"28":{"start":{"line":65,"column":2},"end":{"line":65,"column":20}},"29":{"start":{"line":68,"column":0},"end":{"line":129,"column":3}},"30":{"start":{"line":69,"column":14},"end":{"line":69,"column":16}},"31":{"start":{"line":71,"column":2},"end":{"line":80,"column":3}},"32":{"start":{"line":72,"column":3},"end":{"line":72,"column":60}},"33":{"start":{"line":73,"column":3},"end":{"line":76,"column":4}},"34":{"start":{"line":74,"column":5},"end":{"line":74,"column":56}},"35":{"start":{"line":75,"column":5},"end":{"line":75,"column":12}},"36":{"start":{"line":79,"column":4},"end":{"line":79,"column":54}},"37":{"start":{"line":82,"column":16},"end":{"line":82,"column":72}},"38":{"start":{"line":84,"column":2},"end":{"line":89,"column":3}},"39":{"start":{"line":85,"column":4},"end":{"line":85,"column":14}},"40":{"start":{"line":87,"column":7},"end":{"line":89,"column":3}},"41":{"start":{"line":88,"column":4},"end":{"line":88,"column":16}},"42":{"start":{"line":91,"column":17},"end":{"line":91,"column":19}},"43":{"start":{"line":93,"column":2},"end":{"line":102,"column":3}},"44":{"start":{"line":94,"column":3},"end":{"line":94,"column":116}},"45":{"start":{"line":95,"column":3},"end":{"line":98,"column":4}},"46":{"start":{"line":96,"column":5},"end":{"line":96,"column":62}},"47":{"start":{"line":97,"column":5},"end":{"line":97,"column":12}},"48":{"start":{"line":101,"column":4},"end":{"line":101,"column":32}},"49":{"start":{"line":104,"column":17},"end":{"line":104,"column":30}},"50":{"start":{"line":105,"column":10},"end":{"line":105,"column":14}},"51":{"start":{"line":107,"column":2},"end":{"line":127,"column":3}},"52":{"start":{"line":110,"column":4},"end":{"line":110,"column":15}},"53":{"start":{"line":111,"column":4},"end":{"line":126,"column":5}},"54":{"start":{"line":113,"column":6},"end":{"line":115,"column":7}},"55":{"start":{"line":114,"column":10},"end":{"line":114,"column":54}},"56":{"start":{"line":117,"column":6},"end":{"line":122,"column":8}},"57":{"start":{"line":125,"column":6},"end":{"line":125,"column":45}},"58":{"start":{"line":128,"column":2},"end":{"line":128,"column":33}},"59":{"start":{"line":134,"column":13},"end":{"line":134,"column":14}},"60":{"start":{"line":135,"column":13},"end":{"line":135,"column":14}},"61":{"start":{"line":136,"column":2},"end":{"line":139,"column":3}},"62":{"start":{"line":137,"column":4},"end":{"line":137,"column":21}},"63":{"start":{"line":138,"column":4},"end":{"line":138,"column":21}},"64":{"start":{"line":140,"column":15},"end":{"line":140,"column":40}},"65":{"start":{"line":141,"column":15},"end":{"line":141,"column":40}},"66":{"start":{"line":143,"column":2},"end":{"line":143,"column":26}},"67":{"start":{"line":147,"column":0},"end":{"line":182,"column":2}},"68":{"start":{"line":148,"column":2},"end":{"line":181,"column":3}},"69":{"start":{"line":149,"column":16},"end":{"line":149,"column":43}},"70":{"start":{"line":150,"column":17},"end":{"line":150,"column":86}},"71":{"start":{"line":151,"column":17},"end":{"line":151,"column":51}},"72":{"start":{"line":153,"column":4},"end":{"line":177,"column":6}},"73":{"start":{"line":155,"column":6},"end":{"line":158,"column":7}},"74":{"start":{"line":156,"column":8},"end":{"line":156,"column":52}},"75":{"start":{"line":157,"column":8},"end":{"line":157,"column":15}},"76":{"start":{"line":160,"column":6},"end":{"line":174,"column":7}},"77":{"start":{"line":161,"column":8},"end":{"line":171,"column":9}},"78":{"start":{"line":162,"column":10},"end":{"line":162,"column":46}},"79":{"start":{"line":163,"column":10},"end":{"line":163,"column":90}},"80":{"start":{"line":164,"column":10},"end":{"line":164,"column":91}},"81":{"start":{"line":167,"column":25},"end":{"line":167,"column":85}},"82":{"start":{"line":168,"column":10},"end":{"line":168,"column":46}},"83":{"start":{"line":169,"column":10},"end":{"line":169,"column":81}},"84":{"start":{"line":170,"column":10},"end":{"line":170,"column":81}},"85":{"start":{"line":172,"column":8},"end":{"line":172,"column":36}},"86":{"start":{"line":173,"column":8},"end":{"line":173,"column":36}},"87":{"start":{"line":175,"column":6},"end":{"line":175,"column":42}},"88":{"start":{"line":176,"column":6},"end":{"line":176,"column":34}},"89":{"start":{"line":180,"column":4},"end":{"line":180,"column":34}},"90":{"start":{"line":187,"column":14},"end":{"line":187,"column":16}},"91":{"start":{"line":188,"column":2},"end":{"line":193,"column":3}},"92":{"start":{"line":189,"column":4},"end":{"line":189,"column":45}},"93":{"start":{"line":192,"column":4},"end":{"line":192,"column":46}},"94":{"start":{"line":194,"column":2},"end":{"line":194,"column":30}},"95":{"start":{"line":199,"column":13},"end":{"line":199,"column":15}},"96":{"start":{"line":200,"column":2},"end":{"line":205,"column":3}},"97":{"start":{"line":201,"column":4},"end":{"line":201,"column":47}},"98":{"start":{"line":204,"column":4},"end":{"line":204,"column":42}},"99":{"start":{"line":207,"column":2},"end":{"line":207,"column":87}},"100":{"start":{"line":212,"column":19},"end":{"line":212,"column":31}},"101":{"start":{"line":213,"column":2},"end":{"line":245,"column":3}},"102":{"start":{"line":215,"column":22},"end":{"line":215,"column":42}},"103":{"start":{"line":216,"column":21},"end":{"line":216,"column":41}},"104":{"start":{"line":217,"column":16},"end":{"line":217,"column":47}},"105":{"start":{"line":218,"column":19},"end":{"line":218,"column":45}},"106":{"start":{"line":221,"column":15},"end":{"line":221,"column":45}},"107":{"start":{"line":222,"column":22},"end":{"line":222,"column":53}},"108":{"start":{"line":225,"column":4},"end":{"line":232,"column":7}},"109":{"start":{"line":237,"column":4},"end":{"line":244,"column":7}},"110":{"start":{"line":246,"column":2},"end":{"line":246,"column":21}},"111":{"start":{"line":250,"column":0},"end":{"line":378,"column":3}},"112":{"start":{"line":251,"column":13},"end":{"line":251,"column":15}},"113":{"start":{"line":253,"column":16},"end":{"line":253,"column":72}},"114":{"start":{"line":255,"column":2},"end":{"line":260,"column":3}},"115":{"start":{"line":256,"column":4},"end":{"line":256,"column":15}},"116":{"start":{"line":258,"column":7},"end":{"line":260,"column":3}},"117":{"start":{"line":259,"column":4},"end":{"line":259,"column":16}},"118":{"start":{"line":262,"column":14},"end":{"line":262,"column":29}},"119":{"start":{"line":263,"column":19},"end":{"line":263,"column":89}},"120":{"start":{"line":265,"column":2},"end":{"line":268,"column":3}},"121":{"start":{"line":266,"column":4},"end":{"line":266,"column":69}},"122":{"start":{"line":267,"column":4},"end":{"line":267,"column":11}},"123":{"start":{"line":270,"column":17},"end":{"line":270,"column":77}},"124":{"start":{"line":271,"column":19},"end":{"line":271,"column":79}},"125":{"start":{"line":274,"column":2},"end":{"line":279,"column":3}},"126":{"start":{"line":275,"column":4},"end":{"line":275,"column":47}},"127":{"start":{"line":277,"column":7},"end":{"line":279,"column":3}},"128":{"start":{"line":278,"column":4},"end":{"line":278,"column":45}},"129":{"start":{"line":281,"column":2},"end":{"line":284,"column":3}},"130":{"start":{"line":282,"column":4},"end":{"line":283,"column":34}},"131":{"start":{"line":283,"column":6},"end":{"line":283,"column":34}},"132":{"start":{"line":286,"column":2},"end":{"line":287,"column":42}},"133":{"start":{"line":287,"column":4},"end":{"line":287,"column":42}},"134":{"start":{"line":289,"column":2},"end":{"line":290,"column":32}},"135":{"start":{"line":290,"column":4},"end":{"line":290,"column":32}},"136":{"start":{"line":293,"column":20},"end":{"line":293,"column":39}},"137":{"start":{"line":295,"column":2},"end":{"line":306,"column":3}},"138":{"start":{"line":297,"column":4},"end":{"line":297,"column":111}},"139":{"start":{"line":299,"column":4},"end":{"line":302,"column":5}},"140":{"start":{"line":300,"column":6},"end":{"line":300,"column":50}},"141":{"start":{"line":301,"column":6},"end":{"line":301,"column":13}},"142":{"start":{"line":305,"column":4},"end":{"line":305,"column":32}},"143":{"start":{"line":309,"column":18},"end":{"line":309,"column":38}},"144":{"start":{"line":310,"column":2},"end":{"line":377,"column":3}},"145":{"start":{"line":312,"column":17},"end":{"line":312,"column":33}},"146":{"start":{"line":314,"column":27},"end":{"line":314,"column":31}},"147":{"start":{"line":315,"column":14},"end":{"line":315,"column":18}},"148":{"start":{"line":316,"column":17},"end":{"line":316,"column":29}},"149":{"start":{"line":317,"column":19},"end":{"line":317,"column":23}},"150":{"start":{"line":318,"column":17},"end":{"line":318,"column":18}},"151":{"start":{"line":319,"column":15},"end":{"line":319,"column":16}},"152":{"start":{"line":320,"column":15},"end":{"line":320,"column":16}},"153":{"start":{"line":322,"column":4},"end":{"line":359,"column":5}},"154":{"start":{"line":323,"column":6},"end":{"line":355,"column":7}},"155":{"start":{"line":325,"column":8},"end":{"line":325,"column":19}},"156":{"start":{"line":326,"column":8},"end":{"line":354,"column":9}},"157":{"start":{"line":328,"column":10},"end":{"line":331,"column":11}},"158":{"start":{"line":330,"column":10},"end":{"line":330,"column":61}},"159":{"start":{"line":333,"column":10},"end":{"line":340,"column":11}},"160":{"start":{"line":335,"column":12},"end":{"line":335,"column":76}},"161":{"start":{"line":336,"column":12},"end":{"line":336,"column":67}},"162":{"start":{"line":337,"column":12},"end":{"line":337,"column":65}},"163":{"start":{"line":338,"column":12},"end":{"line":338,"column":63}},"164":{"start":{"line":339,"column":12},"end":{"line":339,"column":63}},"165":{"start":{"line":341,"column":10},"end":{"line":348,"column":12}},"166":{"start":{"line":352,"column":10},"end":{"line":352,"column":19}},"167":{"start":{"line":353,"column":10},"end":{"line":353,"column":47}},"168":{"start":{"line":358,"column":6},"end":{"line":358,"column":45}},"169":{"start":{"line":362,"column":4},"end":{"line":362,"column":32}},"170":{"start":{"line":363,"column":4},"end":{"line":368,"column":5}},"171":{"start":{"line":364,"column":6},"end":{"line":364,"column":22}},"172":{"start":{"line":365,"column":6},"end":{"line":365,"column":20}},"173":{"start":{"line":366,"column":6},"end":{"line":366,"column":18}},"174":{"start":{"line":367,"column":6},"end":{"line":367,"column":18}},"175":{"start":{"line":370,"column":19},"end":{"line":370,"column":94}},"176":{"start":{"line":371,"column":15},"end":{"line":371,"column":26}},"177":{"start":{"line":372,"column":14},"end":{"line":372,"column":68}},"178":{"start":{"line":373,"column":4},"end":{"line":373,"column":30}},"179":{"start":{"line":376,"column":4},"end":{"line":376,"column":38}},"180":{"start":{"line":382,"column":12},"end":{"line":382,"column":14}},"181":{"start":{"line":383,"column":14},"end":{"line":383,"column":16}},"182":{"start":{"line":384,"column":2},"end":{"line":408,"column":3}},"183":{"start":{"line":386,"column":4},"end":{"line":386,"column":42}},"184":{"start":{"line":389,"column":4},"end":{"line":392,"column":5}},"185":{"start":{"line":391,"column":6},"end":{"line":391,"column":28}},"186":{"start":{"line":394,"column":4},"end":{"line":398,"column":7}},"187":{"start":{"line":407,"column":4},"end":{"line":407,"column":45}},"188":{"start":{"line":412,"column":0},"end":{"line":513,"column":3}},"189":{"start":{"line":413,"column":15},"end":{"line":413,"column":17}},"190":{"start":{"line":414,"column":2},"end":{"line":503,"column":3}},"191":{"start":{"line":416,"column":4},"end":{"line":416,"column":25}},"192":{"start":{"line":418,"column":5},"end":{"line":427,"column":5}},"193":{"start":{"line":436,"column":4},"end":{"line":436,"column":88}},"194":{"start":{"line":439,"column":4},"end":{"line":443,"column":6}},"195":{"start":{"line":442,"column":13},"end":{"line":442,"column":50}},"196":{"start":{"line":445,"column":4},"end":{"line":449,"column":6}},"197":{"start":{"line":448,"column":12},"end":{"line":448,"column":54}},"198":{"start":{"line":451,"column":4},"end":{"line":455,"column":6}},"199":{"start":{"line":454,"column":12},"end":{"line":454,"column":59}},"200":{"start":{"line":456,"column":24},"end":{"line":456,"column":26}},"201":{"start":{"line":457,"column":4},"end":{"line":494,"column":6}},"202":{"start":{"line":461,"column":8},"end":{"line":461,"column":42}},"203":{"start":{"line":462,"column":8},"end":{"line":492,"column":9}},"204":{"start":{"line":464,"column":27},"end":{"line":464,"column":68}},"205":{"start":{"line":465,"column":12},"end":{"line":491,"column":13}},"206":{"start":{"line":467,"column":14},"end":{"line":467,"column":25}},"207":{"start":{"line":470,"column":14},"end":{"line":470,"column":45}},"208":{"start":{"line":471,"column":14},"end":{"line":471,"column":50}},"209":{"start":{"line":472,"column":14},"end":{"line":490,"column":15}},"210":{"start":{"line":474,"column":30},"end":{"line":474,"column":35}},"211":{"start":{"line":475,"column":16},"end":{"line":475,"column":53}},"212":{"start":{"line":476,"column":16},"end":{"line":485,"column":17}},"213":{"start":{"line":476,"column":29},"end":{"line":476,"column":30}},"214":{"start":{"line":478,"column":18},"end":{"line":484,"column":19}},"215":{"start":{"line":481,"column":20},"end":{"line":481,"column":33}},"216":{"start":{"line":482,"column":20},"end":{"line":482,"column":57}},"217":{"start":{"line":483,"column":20},"end":{"line":483,"column":51}},"218":{"start":{"line":486,"column":16},"end":{"line":489,"column":17}},"219":{"start":{"line":488,"column":18},"end":{"line":488,"column":29}},"220":{"start":{"line":497,"column":6},"end":{"line":497,"column":34}},"221":{"start":{"line":501,"column":4},"end":{"line":501,"column":41}},"222":{"start":{"line":502,"column":4},"end":{"line":502,"column":28}},"223":{"start":{"line":505,"column":17},"end":{"line":505,"column":55}},"224":{"start":{"line":506,"column":2},"end":{"line":506,"column":25}},"225":{"start":{"line":508,"column":2},"end":{"line":510,"column":5}},"226":{"start":{"line":509,"column":4},"end":{"line":509,"column":34}},"227":{"start":{"line":516,"column":0},"end":{"line":578,"column":2}},"228":{"start":{"line":517,"column":17},"end":{"line":517,"column":19}},"229":{"start":{"line":518,"column":2},"end":{"line":554,"column":3}},"230":{"start":{"line":519,"column":4},"end":{"line":519,"column":29}},"231":{"start":{"line":522,"column":4},"end":{"line":527,"column":5}},"232":{"start":{"line":523,"column":6},"end":{"line":523,"column":52}},"233":{"start":{"line":526,"column":6},"end":{"line":526,"column":26}},"234":{"start":{"line":529,"column":4},"end":{"line":529,"column":173}},"235":{"start":{"line":530,"column":14},"end":{"line":530,"column":16}},"236":{"start":{"line":531,"column":19},"end":{"line":531,"column":21}},"237":{"start":{"line":532,"column":4},"end":{"line":550,"column":5}},"238":{"start":{"line":533,"column":6},"end":{"line":549,"column":7}},"239":{"start":{"line":534,"column":8},"end":{"line":545,"column":9}},"240":{"start":{"line":535,"column":10},"end":{"line":544,"column":11}},"241":{"start":{"line":536,"column":12},"end":{"line":543,"column":13}},"242":{"start":{"line":537,"column":14},"end":{"line":537,"column":36}},"243":{"start":{"line":538,"column":14},"end":{"line":542,"column":17}},"244":{"start":{"line":553,"column":4},"end":{"line":553,"column":37}},"245":{"start":{"line":557,"column":11},"end":{"line":557,"column":13}},"246":{"start":{"line":558,"column":2},"end":{"line":575,"column":3}},"247":{"start":{"line":560,"column":19},"end":{"line":560,"column":68}},"248":{"start":{"line":561,"column":4},"end":{"line":561,"column":72}},"249":{"start":{"line":563,"column":4},"end":{"line":570,"column":5}},"250":{"start":{"line":565,"column":21},"end":{"line":565,"column":96}},"251":{"start":{"line":567,"column":6},"end":{"line":569,"column":7}},"252":{"start":{"line":567,"column":19},"end":{"line":567,"column":20}},"253":{"start":{"line":568,"column":8},"end":{"line":568,"column":49}},"254":{"start":{"line":577,"column":0},"end":{"line":577,"column":28}},"255":{"start":{"line":581,"column":0},"end":{"line":680,"column":2}},"256":{"start":{"line":582,"column":20},"end":{"line":582,"column":22}},"257":{"start":{"line":583,"column":19},"end":{"line":583,"column":21}},"258":{"start":{"line":584,"column":13},"end":{"line":584,"column":15}},"259":{"start":{"line":585,"column":13},"end":{"line":585,"column":15}},"260":{"start":{"line":587,"column":15},"end":{"line":587,"column":74}},"261":{"start":{"line":589,"column":2},"end":{"line":676,"column":3}},"262":{"start":{"line":590,"column":4},"end":{"line":590,"column":33}},"263":{"start":{"line":593,"column":4},"end":{"line":595,"column":5}},"264":{"start":{"line":594,"column":6},"end":{"line":594,"column":50}},"265":{"start":{"line":597,"column":4},"end":{"line":597,"column":150}},"266":{"start":{"line":599,"column":20},"end":{"line":599,"column":72}},"267":{"start":{"line":600,"column":18},"end":{"line":600,"column":20}},"268":{"start":{"line":601,"column":4},"end":{"line":604,"column":5}},"269":{"start":{"line":602,"column":6},"end":{"line":602,"column":50}},"270":{"start":{"line":603,"column":6},"end":{"line":603,"column":13}},"271":{"start":{"line":606,"column":4},"end":{"line":609,"column":7}},"272":{"start":{"line":612,"column":4},"end":{"line":612,"column":150}},"273":{"start":{"line":614,"column":4},"end":{"line":617,"column":5}},"274":{"start":{"line":615,"column":6},"end":{"line":615,"column":37}},"275":{"start":{"line":616,"column":6},"end":{"line":616,"column":13}},"276":{"start":{"line":619,"column":23},"end":{"line":619,"column":43}},"277":{"start":{"line":620,"column":4},"end":{"line":624,"column":3}},"278":{"start":{"line":621,"column":4},"end":{"line":623,"column":5}},"279":{"start":{"line":622,"column":4},"end":{"line":622,"column":131}},"280":{"start":{"line":626,"column":4},"end":{"line":626,"column":139}},"281":{"start":{"line":628,"column":4},"end":{"line":631,"column":5}},"282":{"start":{"line":629,"column":6},"end":{"line":629,"column":37}},"283":{"start":{"line":630,"column":6},"end":{"line":630,"column":13}},"284":{"start":{"line":633,"column":4},"end":{"line":661,"column":5}},"285":{"start":{"line":634,"column":16},"end":{"line":634,"column":111}},"286":{"start":{"line":635,"column":27},"end":{"line":635,"column":53}},"287":{"start":{"line":635,"column":40},"end":{"line":635,"column":53}},"288":{"start":{"line":636,"column":23},"end":{"line":636,"column":60}},"289":{"start":{"line":636,"column":36},"end":{"line":636,"column":60}},"290":{"start":{"line":638,"column":6},"end":{"line":660,"column":7}},"291":{"start":{"line":639,"column":8},"end":{"line":649,"column":9}},"292":{"start":{"line":640,"column":10},"end":{"line":645,"column":11}},"293":{"start":{"line":641,"column":12},"end":{"line":644,"column":14}},"294":{"start":{"line":648,"column":10},"end":{"line":648,"column":46}},"295":{"start":{"line":650,"column":29},"end":{"line":650,"column":86}},"296":{"start":{"line":650,"column":61},"end":{"line":650,"column":85}},"297":{"start":{"line":652,"column":10},"end":{"line":656,"column":11}},"298":{"start":{"line":653,"column":12},"end":{"line":655,"column":13}},"299":{"start":{"line":654,"column":14},"end":{"line":654,"column":43}},"300":{"start":{"line":659,"column":8},"end":{"line":659,"column":47}},"301":{"start":{"line":664,"column":4},"end":{"line":671,"column":5}},"302":{"start":{"line":666,"column":20},"end":{"line":666,"column":68}},"303":{"start":{"line":666,"column":52},"end":{"line":666,"column":67}},"304":{"start":{"line":667,"column":6},"end":{"line":670,"column":8}},"305":{"start":{"line":675,"column":4},"end":{"line":675,"column":43}},"306":{"start":{"line":678,"column":2},"end":{"line":678,"column":33}},"307":{"start":{"line":685,"column":0},"end":{"line":685,"column":39}}},"fnMap":{"0":{"name":"sendmail","decl":{"start":{"line":21,"column":15},"end":{"line":21,"column":23}},"loc":{"start":{"line":22,"column":0},"end":{"line":37,"column":1}},"line":22},"1":{"name":"(anonymous_1)","decl":{"start":{"line":31,"column":36},"end":{"line":31,"column":37}},"loc":{"start":{"line":31,"column":57},"end":{"line":36,"column":1}},"line":31},"2":{"name":"embedTweet","decl":{"start":{"line":63,"column":15},"end":{"line":63,"column":25}},"loc":{"start":{"line":63,"column":29},"end":{"line":66,"column":1}},"line":63},"3":{"name":"(anonymous_3)","decl":{"start":{"line":68,"column":24},"end":{"line":68,"column":25}},"loc":{"start":{"line":68,"column":43},"end":{"line":129,"column":1}},"line":68},"4":{"name":"find_medium","decl":{"start":{"line":133,"column":9},"end":{"line":133,"column":20}},"loc":{"start":{"line":133,"column":33},"end":{"line":144,"column":1}},"line":133},"5":{"name":"(anonymous_5)","decl":{"start":{"line":147,"column":23},"end":{"line":147,"column":24}},"loc":{"start":{"line":147,"column":37},"end":{"line":182,"column":1}},"line":147},"6":{"name":"(anonymous_6)","decl":{"start":{"line":153,"column":103},"end":{"line":153,"column":104}},"loc":{"start":{"line":153,"column":125},"end":{"line":177,"column":5}},"line":153},"7":{"name":"getauthor","decl":{"start":{"line":186,"column":15},"end":{"line":186,"column":24}},"loc":{"start":{"line":186,"column":35},"end":{"line":195,"column":1}},"line":186},"8":{"name":"getGeo","decl":{"start":{"line":198,"column":15},"end":{"line":198,"column":21}},"loc":{"start":{"line":198,"column":31},"end":{"line":208,"column":1}},"line":198},"9":{"name":"sentiment_analyze","decl":{"start":{"line":211,"column":15},"end":{"line":211,"column":32}},"loc":{"start":{"line":211,"column":43},"end":{"line":247,"column":1}},"line":211},"10":{"name":"(anonymous_10)","decl":{"start":{"line":250,"column":26},"end":{"line":250,"column":27}},"loc":{"start":{"line":250,"column":45},"end":{"line":378,"column":1}},"line":250},"11":{"name":"delete_rules","decl":{"start":{"line":381,"column":15},"end":{"line":381,"column":27}},"loc":{"start":{"line":381,"column":29},"end":{"line":409,"column":1}},"line":381},"12":{"name":"(anonymous_12)","decl":{"start":{"line":412,"column":26},"end":{"line":412,"column":27}},"loc":{"start":{"line":412,"column":46},"end":{"line":513,"column":1}},"line":412},"13":{"name":"(anonymous_13)","decl":{"start":{"line":442,"column":6},"end":{"line":442,"column":7}},"loc":{"start":{"line":442,"column":13},"end":{"line":442,"column":50}},"line":442},"14":{"name":"(anonymous_14)","decl":{"start":{"line":448,"column":6},"end":{"line":448,"column":7}},"loc":{"start":{"line":448,"column":12},"end":{"line":448,"column":54}},"line":448},"15":{"name":"(anonymous_15)","decl":{"start":{"line":454,"column":6},"end":{"line":454,"column":7}},"loc":{"start":{"line":454,"column":12},"end":{"line":454,"column":59}},"line":454},"16":{"name":"(anonymous_16)","decl":{"start":{"line":460,"column":6},"end":{"line":460,"column":7}},"loc":{"start":{"line":460,"column":25},"end":{"line":493,"column":7}},"line":460},"17":{"name":"(anonymous_17)","decl":{"start":{"line":508,"column":22},"end":{"line":508,"column":23}},"loc":{"start":{"line":508,"column":34},"end":{"line":510,"column":3}},"line":508},"18":{"name":"(anonymous_18)","decl":{"start":{"line":516,"column":26},"end":{"line":516,"column":27}},"loc":{"start":{"line":516,"column":46},"end":{"line":578,"column":1}},"line":516},"19":{"name":"(anonymous_19)","decl":{"start":{"line":581,"column":34},"end":{"line":581,"column":35}},"loc":{"start":{"line":581,"column":54},"end":{"line":680,"column":1}},"line":581},"20":{"name":"(anonymous_20)","decl":{"start":{"line":635,"column":27},"end":{"line":635,"column":28}},"loc":{"start":{"line":635,"column":40},"end":{"line":635,"column":53}},"line":635},"21":{"name":"(anonymous_21)","decl":{"start":{"line":636,"column":23},"end":{"line":636,"column":24}},"loc":{"start":{"line":636,"column":36},"end":{"line":636,"column":60}},"line":636},"22":{"name":"(anonymous_22)","decl":{"start":{"line":650,"column":53},"end":{"line":650,"column":54}},"loc":{"start":{"line":650,"column":61},"end":{"line":650,"column":85}},"line":650},"23":{"name":"(anonymous_23)","decl":{"start":{"line":666,"column":44},"end":{"line":666,"column":45}},"loc":{"start":{"line":666,"column":52},"end":{"line":666,"column":67}},"line":666}},"branchMap":{"0":{"loc":{"start":{"line":32,"column":4},"end":{"line":34,"column":5}},"type":"if","locations":[{"start":{"line":32,"column":4},"end":{"line":34,"column":5}},{"start":{},"end":{}}],"line":32},"1":{"loc":{"start":{"line":73,"column":3},"end":{"line":76,"column":4}},"type":"if","locations":[{"start":{"line":73,"column":3},"end":{"line":76,"column":4}},{"start":{},"end":{}}],"line":73},"2":{"loc":{"start":{"line":82,"column":16},"end":{"line":82,"column":72}},"type":"cond-expr","locations":[{"start":{"line":82,"column":50},"end":{"line":82,"column":52}},{"start":{"line":82,"column":53},"end":{"line":82,"column":72}}],"line":82},"3":{"loc":{"start":{"line":84,"column":2},"end":{"line":89,"column":3}},"type":"if","locations":[{"start":{"line":84,"column":2},"end":{"line":89,"column":3}},{"start":{"line":87,"column":7},"end":{"line":89,"column":3}}],"line":84},"4":{"loc":{"start":{"line":87,"column":7},"end":{"line":89,"column":3}},"type":"if","locations":[{"start":{"line":87,"column":7},"end":{"line":89,"column":3}},{"start":{},"end":{}}],"line":87},"5":{"loc":{"start":{"line":95,"column":3},"end":{"line":98,"column":4}},"type":"if","locations":[{"start":{"line":95,"column":3},"end":{"line":98,"column":4}},{"start":{},"end":{}}],"line":95},"6":{"loc":{"start":{"line":113,"column":6},"end":{"line":115,"column":7}},"type":"if","locations":[{"start":{"line":113,"column":6},"end":{"line":115,"column":7}},{"start":{},"end":{}}],"line":113},"7":{"loc":{"start":{"line":150,"column":17},"end":{"line":150,"column":86}},"type":"cond-expr","locations":[{"start":{"line":150,"column":48},"end":{"line":150,"column":55}},{"start":{"line":150,"column":57},"end":{"line":150,"column":86}}],"line":150},"8":{"loc":{"start":{"line":155,"column":6},"end":{"line":158,"column":7}},"type":"if","locations":[{"start":{"line":155,"column":6},"end":{"line":158,"column":7}},{"start":{},"end":{}}],"line":155},"9":{"loc":{"start":{"line":161,"column":8},"end":{"line":171,"column":9}},"type":"if","locations":[{"start":{"line":161,"column":8},"end":{"line":171,"column":9}},{"start":{"line":166,"column":12},"end":{"line":171,"column":9}}],"line":161},"10":{"loc":{"start":{"line":253,"column":16},"end":{"line":253,"column":72}},"type":"cond-expr","locations":[{"start":{"line":253,"column":50},"end":{"line":253,"column":52}},{"start":{"line":253,"column":53},"end":{"line":253,"column":72}}],"line":253},"11":{"loc":{"start":{"line":255,"column":2},"end":{"line":260,"column":3}},"type":"if","locations":[{"start":{"line":255,"column":2},"end":{"line":260,"column":3}},{"start":{"line":258,"column":7},"end":{"line":260,"column":3}}],"line":255},"12":{"loc":{"start":{"line":258,"column":7},"end":{"line":260,"column":3}},"type":"if","locations":[{"start":{"line":258,"column":7},"end":{"line":260,"column":3}},{"start":{},"end":{}}],"line":258},"13":{"loc":{"start":{"line":263,"column":19},"end":{"line":263,"column":89}},"type":"cond-expr","locations":[{"start":{"line":263,"column":55},"end":{"line":263,"column":57}},{"start":{"line":263,"column":58},"end":{"line":263,"column":89}}],"line":263},"14":{"loc":{"start":{"line":265,"column":2},"end":{"line":268,"column":3}},"type":"if","locations":[{"start":{"line":265,"column":2},"end":{"line":268,"column":3}},{"start":{},"end":{}}],"line":265},"15":{"loc":{"start":{"line":270,"column":17},"end":{"line":270,"column":77}},"type":"cond-expr","locations":[{"start":{"line":270,"column":51},"end":{"line":270,"column":58}},{"start":{"line":270,"column":59},"end":{"line":270,"column":77}}],"line":270},"16":{"loc":{"start":{"line":271,"column":19},"end":{"line":271,"column":79}},"type":"cond-expr","locations":[{"start":{"line":271,"column":53},"end":{"line":271,"column":60}},{"start":{"line":271,"column":61},"end":{"line":271,"column":79}}],"line":271},"17":{"loc":{"start":{"line":274,"column":2},"end":{"line":279,"column":3}},"type":"if","locations":[{"start":{"line":274,"column":2},"end":{"line":279,"column":3}},{"start":{"line":277,"column":7},"end":{"line":279,"column":3}}],"line":274},"18":{"loc":{"start":{"line":277,"column":7},"end":{"line":279,"column":3}},"type":"if","locations":[{"start":{"line":277,"column":7},"end":{"line":279,"column":3}},{"start":{},"end":{}}],"line":277},"19":{"loc":{"start":{"line":281,"column":2},"end":{"line":284,"column":3}},"type":"if","locations":[{"start":{"line":281,"column":2},"end":{"line":284,"column":3}},{"start":{},"end":{}}],"line":281},"20":{"loc":{"start":{"line":286,"column":2},"end":{"line":287,"column":42}},"type":"if","locations":[{"start":{"line":286,"column":2},"end":{"line":287,"column":42}},{"start":{},"end":{}}],"line":286},"21":{"loc":{"start":{"line":289,"column":2},"end":{"line":290,"column":32}},"type":"if","locations":[{"start":{"line":289,"column":2},"end":{"line":290,"column":32}},{"start":{},"end":{}}],"line":289},"22":{"loc":{"start":{"line":299,"column":4},"end":{"line":302,"column":5}},"type":"if","locations":[{"start":{"line":299,"column":4},"end":{"line":302,"column":5}},{"start":{},"end":{}}],"line":299},"23":{"loc":{"start":{"line":310,"column":2},"end":{"line":377,"column":3}},"type":"if","locations":[{"start":{"line":310,"column":2},"end":{"line":377,"column":3}},{"start":{"line":375,"column":6},"end":{"line":377,"column":3}}],"line":310},"24":{"loc":{"start":{"line":322,"column":4},"end":{"line":359,"column":5}},"type":"if","locations":[{"start":{"line":322,"column":4},"end":{"line":359,"column":5}},{"start":{"line":357,"column":8},"end":{"line":359,"column":5}}],"line":322},"25":{"loc":{"start":{"line":328,"column":10},"end":{"line":331,"column":11}},"type":"if","locations":[{"start":{"line":328,"column":10},"end":{"line":331,"column":11}},{"start":{},"end":{}}],"line":328},"26":{"loc":{"start":{"line":333,"column":10},"end":{"line":340,"column":11}},"type":"if","locations":[{"start":{"line":333,"column":10},"end":{"line":340,"column":11}},{"start":{},"end":{}}],"line":333},"27":{"loc":{"start":{"line":363,"column":4},"end":{"line":368,"column":5}},"type":"if","locations":[{"start":{"line":363,"column":4},"end":{"line":368,"column":5}},{"start":{},"end":{}}],"line":363},"28":{"loc":{"start":{"line":462,"column":8},"end":{"line":492,"column":9}},"type":"if","locations":[{"start":{"line":462,"column":8},"end":{"line":492,"column":9}},{"start":{},"end":{}}],"line":462},"29":{"loc":{"start":{"line":465,"column":12},"end":{"line":491,"column":13}},"type":"if","locations":[{"start":{"line":465,"column":12},"end":{"line":491,"column":13}},{"start":{"line":469,"column":17},"end":{"line":491,"column":13}}],"line":465},"30":{"loc":{"start":{"line":472,"column":14},"end":{"line":490,"column":15}},"type":"if","locations":[{"start":{"line":472,"column":14},"end":{"line":490,"column":15}},{"start":{},"end":{}}],"line":472},"31":{"loc":{"start":{"line":478,"column":18},"end":{"line":484,"column":19}},"type":"if","locations":[{"start":{"line":478,"column":18},"end":{"line":484,"column":19}},{"start":{},"end":{}}],"line":478},"32":{"loc":{"start":{"line":478,"column":22},"end":{"line":479,"column":115}},"type":"binary-expr","locations":[{"start":{"line":478,"column":22},"end":{"line":478,"column":113}},{"start":{"line":479,"column":23},"end":{"line":479,"column":114}}],"line":478},"33":{"loc":{"start":{"line":486,"column":16},"end":{"line":489,"column":17}},"type":"if","locations":[{"start":{"line":486,"column":16},"end":{"line":489,"column":17}},{"start":{},"end":{}}],"line":486},"34":{"loc":{"start":{"line":522,"column":4},"end":{"line":527,"column":5}},"type":"if","locations":[{"start":{"line":522,"column":4},"end":{"line":527,"column":5}},{"start":{"line":525,"column":9},"end":{"line":527,"column":5}}],"line":522},"35":{"loc":{"start":{"line":534,"column":8},"end":{"line":545,"column":9}},"type":"if","locations":[{"start":{"line":534,"column":8},"end":{"line":545,"column":9}},{"start":{},"end":{}}],"line":534},"36":{"loc":{"start":{"line":536,"column":12},"end":{"line":543,"column":13}},"type":"if","locations":[{"start":{"line":536,"column":12},"end":{"line":543,"column":13}},{"start":{},"end":{}}],"line":536},"37":{"loc":{"start":{"line":563,"column":4},"end":{"line":570,"column":5}},"type":"if","locations":[{"start":{"line":563,"column":4},"end":{"line":570,"column":5}},{"start":{},"end":{}}],"line":563},"38":{"loc":{"start":{"line":593,"column":4},"end":{"line":595,"column":5}},"type":"if","locations":[{"start":{"line":593,"column":4},"end":{"line":595,"column":5}},{"start":{},"end":{}}],"line":593},"39":{"loc":{"start":{"line":601,"column":4},"end":{"line":604,"column":5}},"type":"if","locations":[{"start":{"line":601,"column":4},"end":{"line":604,"column":5}},{"start":{},"end":{}}],"line":601},"40":{"loc":{"start":{"line":614,"column":4},"end":{"line":617,"column":5}},"type":"if","locations":[{"start":{"line":614,"column":4},"end":{"line":617,"column":5}},{"start":{},"end":{}}],"line":614},"41":{"loc":{"start":{"line":621,"column":4},"end":{"line":623,"column":5}},"type":"if","locations":[{"start":{"line":621,"column":4},"end":{"line":623,"column":5}},{"start":{},"end":{}}],"line":621},"42":{"loc":{"start":{"line":628,"column":4},"end":{"line":631,"column":5}},"type":"if","locations":[{"start":{"line":628,"column":4},"end":{"line":631,"column":5}},{"start":{},"end":{}}],"line":628},"43":{"loc":{"start":{"line":638,"column":6},"end":{"line":660,"column":7}},"type":"if","locations":[{"start":{"line":638,"column":6},"end":{"line":660,"column":7}},{"start":{"line":658,"column":10},"end":{"line":660,"column":7}}],"line":638},"44":{"loc":{"start":{"line":639,"column":8},"end":{"line":649,"column":9}},"type":"if","locations":[{"start":{"line":639,"column":8},"end":{"line":649,"column":9}},{"start":{"line":647,"column":13},"end":{"line":649,"column":9}}],"line":639},"45":{"loc":{"start":{"line":640,"column":10},"end":{"line":645,"column":11}},"type":"if","locations":[{"start":{"line":640,"column":10},"end":{"line":645,"column":11}},{"start":{},"end":{}}],"line":640},"46":{"loc":{"start":{"line":652,"column":10},"end":{"line":656,"column":11}},"type":"if","locations":[{"start":{"line":652,"column":10},"end":{"line":656,"column":11}},{"start":{},"end":{}}],"line":652},"47":{"loc":{"start":{"line":653,"column":12},"end":{"line":655,"column":13}},"type":"if","locations":[{"start":{"line":653,"column":12},"end":{"line":655,"column":13}},{"start":{},"end":{}}],"line":653}},"s":{"0":1,"1":1,"2":1,"3":1,"4":1,"5":1,"6":1,"7":1,"8":1,"9":1,"10":1,"11":1,"12":1,"13":1,"14":1,"15":0,"16":0,"17":0,"18":0,"19":0,"20":1,"21":1,"22":1,"23":1,"24":1,"25":1,"26":1,"27":0,"28":0,"29":1,"30":1,"31":1,"32":1,"33":1,"34":0,"35":0,"36":0,"37":1,"38":1,"39":0,"40":1,"41":0,"42":1,"43":1,"44":1,"45":1,"46":0,"47":0,"48":0,"49":1,"50":1,"51":1,"52":1,"53":1,"54":1,"55":0,"56":1,"57":0,"58":1,"59":30,"60":30,"61":30,"62":120,"63":120,"64":30,"65":30,"66":30,"67":1,"68":1,"69":1,"70":1,"71":1,"72":1,"73":1,"74":0,"75":0,"76":1,"77":30,"78":0,"79":0,"80":0,"81":30,"82":30,"83":30,"84":30,"85":30,"86":30,"87":1,"88":1,"89":0,"90":0,"91":0,"92":0,"93":0,"94":0,"95":0,"96":0,"97":0,"98":0,"99":0,"100":20,"101":20,"102":20,"103":20,"104":20,"105":20,"106":20,"107":20,"108":20,"109":0,"110":20,"111":1,"112":7,"113":7,"114":7,"115":0,"116":7,"117":0,"118":7,"119":7,"120":7,"121":0,"122":0,"123":7,"124":7,"125":7,"126":1,"127":6,"128":0,"129":7,"130":7,"131":1,"132":7,"133":0,"134":7,"135":0,"136":7,"137":7,"138":7,"139":7,"140":0,"141":0,"142":0,"143":7,"144":7,"145":7,"146":7,"147":7,"148":7,"149":7,"150":7,"151":7,"152":7,"153":7,"154":7,"155":132,"156":132,"157":132,"158":0,"159":132,"160":20,"161":20,"162":20,"163":20,"164":20,"165":132,"166":0,"167":0,"168":0,"169":7,"170":7,"171":5,"172":5,"173":5,"174":5,"175":7,"176":7,"177":7,"178":7,"179":0,"180":0,"181":0,"182":0,"183":0,"184":0,"185":0,"186":0,"187":0,"188":1,"189":0,"190":0,"191":0,"192":0,"193":0,"194":0,"195":0,"196":0,"197":0,"198":0,"199":0,"200":0,"201":0,"202":0,"203":0,"204":0,"205":0,"206":0,"207":0,"208":0,"209":0,"210":0,"211":0,"212":0,"213":0,"214":0,"215":0,"216":0,"217":0,"218":0,"219":0,"220":0,"221":0,"222":0,"223":0,"224":0,"225":0,"226":0,"227":1,"228":1,"229":1,"230":1,"231":1,"232":0,"233":1,"234":1,"235":1,"236":1,"237":1,"238":3,"239":3,"240":2,"241":4,"242":2,"243":2,"244":0,"245":1,"246":1,"247":1,"248":1,"249":1,"250":1,"251":1,"252":1,"253":2,"254":1,"255":1,"256":1,"257":1,"258":1,"259":1,"260":1,"261":1,"262":1,"263":1,"264":0,"265":1,"266":1,"267":0,"268":0,"269":0,"270":0,"271":0,"272":0,"273":0,"274":0,"275":0,"276":0,"277":0,"278":0,"279":0,"280":0,"281":0,"282":0,"283":0,"284":0,"285":0,"286":0,"287":0,"288":0,"289":0,"290":0,"291":0,"292":0,"293":0,"294":0,"295":0,"296":0,"297":0,"298":0,"299":0,"300":0,"301":0,"302":0,"303":0,"304":0,"305":1,"306":1,"307":1},"f":{"0":0,"1":0,"2":0,"3":1,"4":30,"5":1,"6":1,"7":0,"8":0,"9":20,"10":7,"11":0,"12":0,"13":0,"14":0,"15":0,"16":0,"17":0,"18":1,"19":1,"20":0,"21":0,"22":0,"23":0},"b":{"0":[0,0],"1":[0,1],"2":[1,0],"3":[0,1],"4":[0,1],"5":[0,1],"6":[0,1],"7":[0,1],"8":[0,1],"9":[0,30],"10":[4,3],"11":[0,7],"12":[0,7],"13":[6,1],"14":[0,7],"15":[6,1],"16":[7,0],"17":[1,6],"18":[0,6],"19":[7,0],"20":[0,7],"21":[0,7],"22":[0,7],"23":[7,0],"24":[7,0],"25":[0,132],"26":[20,112],"27":[5,2],"28":[0,0],"29":[0,0],"30":[0,0],"31":[0,0],"32":[0,0],"33":[0,0],"34":[0,1],"35":[2,0],"36":[2,2],"37":[1,0],"38":[0,1],"39":[0,0],"40":[0,0],"41":[0,0],"42":[0,0],"43":[0,0],"44":[0,0],"45":[0,0],"46":[0,0],"47":[0,0]},"_coverageSchema":"1a1c01bbd47fc00a2c39e90264f33305004495a9","hash":"7760211e0dcfc7e9097e8da109ed05e42aafce1b"}
}
