{"/home/joseph/Documents/new_twittEarth/server.js": {"path":"/home/joseph/Documents/new_twittEarth/server.js","statementMap":{"0":{"start":{"line":2,"column":13},"end":{"line":2,"column":66}},"1":{"start":{"line":4,"column":16},"end":{"line":4,"column":34}},"2":{"start":{"line":5,"column":12},"end":{"line":5,"column":21}},"3":{"start":{"line":6,"column":13},"end":{"line":6,"column":28}},"4":{"start":{"line":9,"column":13},"end":{"line":9,"column":28}},"5":{"start":{"line":11,"column":75},"end":{"line":11,"column":100}},"6":{"start":{"line":13,"column":16},"end":{"line":13,"column":46}},"7":{"start":{"line":15,"column":17},"end":{"line":15,"column":38}},"8":{"start":{"line":17,"column":18},"end":{"line":17,"column":42}},"9":{"start":{"line":19,"column":17},"end":{"line":19,"column":50}},"10":{"start":{"line":21,"column":21},"end":{"line":21,"column":61}},"11":{"start":{"line":23,"column":13},"end":{"line":23,"column":28}},"12":{"start":{"line":25,"column":15},"end":{"line":25,"column":35}},"13":{"start":{"line":26,"column":11},"end":{"line":26,"column":65}},"14":{"start":{"line":28,"column":17},"end":{"line":28,"column":38}},"15":{"start":{"line":29,"column":18},"end":{"line":29,"column":124}},"16":{"start":{"line":32,"column":13},"end":{"line":32,"column":15}},"17":{"start":{"line":34,"column":0},"end":{"line":34,"column":46}},"18":{"start":{"line":35,"column":0},"end":{"line":35,"column":16}},"19":{"start":{"line":38,"column":15},"end":{"line":38,"column":39}},"20":{"start":{"line":40,"column":8},"end":{"line":45,"column":2}},"21":{"start":{"line":49,"column":22},"end":{"line":49,"column":45}},"22":{"start":{"line":50,"column":15},"end":{"line":50,"column":37}},"23":{"start":{"line":52,"column":25},"end":{"line":52,"column":69}},"24":{"start":{"line":53,"column":18},"end":{"line":53,"column":43}},"25":{"start":{"line":55,"column":0},"end":{"line":55,"column":24}},"26":{"start":{"line":60,"column":20},"end":{"line":66,"column":3}},"27":{"start":{"line":68,"column":2},"end":{"line":73,"column":3}},"28":{"start":{"line":69,"column":4},"end":{"line":71,"column":5}},"29":{"start":{"line":70,"column":8},"end":{"line":70,"column":51}},"30":{"start":{"line":72,"column":4},"end":{"line":72,"column":50}},"31":{"start":{"line":78,"column":16},"end":{"line":78,"column":47}},"32":{"start":{"line":79,"column":2},"end":{"line":79,"column":20}},"33":{"start":{"line":84,"column":14},"end":{"line":84,"column":16}},"34":{"start":{"line":85,"column":2},"end":{"line":90,"column":3}},"35":{"start":{"line":86,"column":4},"end":{"line":86,"column":45}},"36":{"start":{"line":89,"column":4},"end":{"line":89,"column":46}},"37":{"start":{"line":91,"column":2},"end":{"line":91,"column":30}},"38":{"start":{"line":96,"column":13},"end":{"line":96,"column":15}},"39":{"start":{"line":97,"column":2},"end":{"line":102,"column":3}},"40":{"start":{"line":98,"column":4},"end":{"line":98,"column":47}},"41":{"start":{"line":101,"column":4},"end":{"line":101,"column":42}},"42":{"start":{"line":104,"column":2},"end":{"line":104,"column":87}},"43":{"start":{"line":109,"column":13},"end":{"line":109,"column":14}},"44":{"start":{"line":110,"column":13},"end":{"line":110,"column":14}},"45":{"start":{"line":111,"column":2},"end":{"line":114,"column":3}},"46":{"start":{"line":112,"column":4},"end":{"line":112,"column":21}},"47":{"start":{"line":113,"column":4},"end":{"line":113,"column":21}},"48":{"start":{"line":115,"column":15},"end":{"line":115,"column":40}},"49":{"start":{"line":116,"column":15},"end":{"line":116,"column":40}},"50":{"start":{"line":118,"column":2},"end":{"line":118,"column":26}},"51":{"start":{"line":123,"column":19},"end":{"line":123,"column":31}},"52":{"start":{"line":124,"column":2},"end":{"line":156,"column":3}},"53":{"start":{"line":126,"column":22},"end":{"line":126,"column":42}},"54":{"start":{"line":127,"column":21},"end":{"line":127,"column":41}},"55":{"start":{"line":128,"column":16},"end":{"line":128,"column":47}},"56":{"start":{"line":129,"column":19},"end":{"line":129,"column":45}},"57":{"start":{"line":132,"column":15},"end":{"line":132,"column":45}},"58":{"start":{"line":133,"column":22},"end":{"line":133,"column":53}},"59":{"start":{"line":136,"column":4},"end":{"line":143,"column":7}},"60":{"start":{"line":148,"column":4},"end":{"line":155,"column":7}},"61":{"start":{"line":157,"column":2},"end":{"line":157,"column":21}},"62":{"start":{"line":162,"column":12},"end":{"line":162,"column":14}},"63":{"start":{"line":163,"column":14},"end":{"line":163,"column":16}},"64":{"start":{"line":164,"column":2},"end":{"line":182,"column":3}},"65":{"start":{"line":166,"column":4},"end":{"line":166,"column":42}},"66":{"start":{"line":168,"column":4},"end":{"line":171,"column":5}},"67":{"start":{"line":170,"column":6},"end":{"line":170,"column":28}},"68":{"start":{"line":173,"column":4},"end":{"line":177,"column":7}},"69":{"start":{"line":181,"column":4},"end":{"line":181,"column":45}},"70":{"start":{"line":187,"column":12},"end":{"line":187,"column":32}},"71":{"start":{"line":189,"column":2},"end":{"line":204,"column":5}},"72":{"start":{"line":190,"column":4},"end":{"line":200,"column":6}},"73":{"start":{"line":191,"column":6},"end":{"line":193,"column":7}},"74":{"start":{"line":192,"column":8},"end":{"line":192,"column":15}},"75":{"start":{"line":195,"column":6},"end":{"line":199,"column":7}},"76":{"start":{"line":196,"column":8},"end":{"line":196,"column":46}},"77":{"start":{"line":198,"column":8},"end":{"line":198,"column":38}},"78":{"start":{"line":202,"column":4},"end":{"line":202,"column":92}},"79":{"start":{"line":203,"column":4},"end":{"line":203,"column":15}},"80":{"start":{"line":209,"column":0},"end":{"line":291,"column":3}},"81":{"start":{"line":210,"column":14},"end":{"line":210,"column":16}},"82":{"start":{"line":212,"column":2},"end":{"line":221,"column":3}},"83":{"start":{"line":213,"column":3},"end":{"line":213,"column":60}},"84":{"start":{"line":214,"column":3},"end":{"line":217,"column":4}},"85":{"start":{"line":215,"column":5},"end":{"line":215,"column":56}},"86":{"start":{"line":216,"column":5},"end":{"line":216,"column":12}},"87":{"start":{"line":220,"column":4},"end":{"line":220,"column":54}},"88":{"start":{"line":223,"column":16},"end":{"line":223,"column":72}},"89":{"start":{"line":225,"column":2},"end":{"line":230,"column":3}},"90":{"start":{"line":226,"column":4},"end":{"line":226,"column":14}},"91":{"start":{"line":228,"column":7},"end":{"line":230,"column":3}},"92":{"start":{"line":229,"column":4},"end":{"line":229,"column":16}},"93":{"start":{"line":232,"column":17},"end":{"line":232,"column":19}},"94":{"start":{"line":234,"column":2},"end":{"line":243,"column":3}},"95":{"start":{"line":235,"column":3},"end":{"line":235,"column":144}},"96":{"start":{"line":236,"column":3},"end":{"line":239,"column":4}},"97":{"start":{"line":237,"column":5},"end":{"line":237,"column":62}},"98":{"start":{"line":238,"column":5},"end":{"line":238,"column":12}},"99":{"start":{"line":242,"column":4},"end":{"line":242,"column":32}},"100":{"start":{"line":245,"column":13},"end":{"line":245,"column":15}},"101":{"start":{"line":246,"column":17},"end":{"line":246,"column":30}},"102":{"start":{"line":247,"column":10},"end":{"line":247,"column":14}},"103":{"start":{"line":249,"column":2},"end":{"line":289,"column":3}},"104":{"start":{"line":251,"column":4},"end":{"line":251,"column":15}},"105":{"start":{"line":252,"column":4},"end":{"line":288,"column":5}},"106":{"start":{"line":254,"column":6},"end":{"line":256,"column":7}},"107":{"start":{"line":255,"column":10},"end":{"line":255,"column":54}},"108":{"start":{"line":258,"column":6},"end":{"line":262,"column":8}},"109":{"start":{"line":265,"column":26},"end":{"line":265,"column":64}},"110":{"start":{"line":267,"column":26},"end":{"line":267,"column":66}},"111":{"start":{"line":267,"column":39},"end":{"line":267,"column":66}},"112":{"start":{"line":268,"column":6},"end":{"line":284,"column":7}},"113":{"start":{"line":269,"column":8},"end":{"line":272,"column":10}},"114":{"start":{"line":277,"column":8},"end":{"line":283,"column":9}},"115":{"start":{"line":279,"column":10},"end":{"line":282,"column":11}},"116":{"start":{"line":281,"column":12},"end":{"line":281,"column":39}},"117":{"start":{"line":287,"column":6},"end":{"line":287,"column":45}},"118":{"start":{"line":290,"column":2},"end":{"line":290,"column":57}},"119":{"start":{"line":294,"column":0},"end":{"line":331,"column":2}},"120":{"start":{"line":295,"column":2},"end":{"line":330,"column":3}},"121":{"start":{"line":297,"column":16},"end":{"line":297,"column":43}},"122":{"start":{"line":299,"column":17},"end":{"line":299,"column":86}},"123":{"start":{"line":300,"column":17},"end":{"line":300,"column":51}},"124":{"start":{"line":302,"column":4},"end":{"line":326,"column":6}},"125":{"start":{"line":304,"column":6},"end":{"line":307,"column":7}},"126":{"start":{"line":305,"column":8},"end":{"line":305,"column":52}},"127":{"start":{"line":306,"column":8},"end":{"line":306,"column":15}},"128":{"start":{"line":309,"column":6},"end":{"line":323,"column":7}},"129":{"start":{"line":310,"column":8},"end":{"line":320,"column":9}},"130":{"start":{"line":311,"column":10},"end":{"line":311,"column":46}},"131":{"start":{"line":312,"column":10},"end":{"line":312,"column":90}},"132":{"start":{"line":313,"column":10},"end":{"line":313,"column":91}},"133":{"start":{"line":316,"column":25},"end":{"line":316,"column":85}},"134":{"start":{"line":317,"column":10},"end":{"line":317,"column":46}},"135":{"start":{"line":318,"column":10},"end":{"line":318,"column":81}},"136":{"start":{"line":319,"column":10},"end":{"line":319,"column":81}},"137":{"start":{"line":321,"column":8},"end":{"line":321,"column":36}},"138":{"start":{"line":322,"column":8},"end":{"line":322,"column":36}},"139":{"start":{"line":324,"column":6},"end":{"line":324,"column":42}},"140":{"start":{"line":325,"column":6},"end":{"line":325,"column":34}},"141":{"start":{"line":329,"column":4},"end":{"line":329,"column":34}},"142":{"start":{"line":334,"column":0},"end":{"line":469,"column":3}},"143":{"start":{"line":335,"column":13},"end":{"line":335,"column":15}},"144":{"start":{"line":337,"column":16},"end":{"line":337,"column":72}},"145":{"start":{"line":339,"column":2},"end":{"line":344,"column":3}},"146":{"start":{"line":340,"column":4},"end":{"line":340,"column":15}},"147":{"start":{"line":342,"column":7},"end":{"line":344,"column":3}},"148":{"start":{"line":343,"column":4},"end":{"line":343,"column":16}},"149":{"start":{"line":346,"column":14},"end":{"line":346,"column":29}},"150":{"start":{"line":347,"column":19},"end":{"line":347,"column":89}},"151":{"start":{"line":349,"column":2},"end":{"line":352,"column":3}},"152":{"start":{"line":350,"column":4},"end":{"line":350,"column":69}},"153":{"start":{"line":351,"column":4},"end":{"line":351,"column":11}},"154":{"start":{"line":354,"column":17},"end":{"line":354,"column":77}},"155":{"start":{"line":355,"column":19},"end":{"line":355,"column":79}},"156":{"start":{"line":358,"column":2},"end":{"line":363,"column":3}},"157":{"start":{"line":359,"column":4},"end":{"line":359,"column":47}},"158":{"start":{"line":361,"column":7},"end":{"line":363,"column":3}},"159":{"start":{"line":362,"column":4},"end":{"line":362,"column":45}},"160":{"start":{"line":365,"column":2},"end":{"line":368,"column":3}},"161":{"start":{"line":366,"column":4},"end":{"line":367,"column":34}},"162":{"start":{"line":367,"column":6},"end":{"line":367,"column":34}},"163":{"start":{"line":370,"column":2},"end":{"line":371,"column":42}},"164":{"start":{"line":371,"column":4},"end":{"line":371,"column":42}},"165":{"start":{"line":373,"column":2},"end":{"line":374,"column":32}},"166":{"start":{"line":374,"column":4},"end":{"line":374,"column":32}},"167":{"start":{"line":377,"column":20},"end":{"line":377,"column":39}},"168":{"start":{"line":379,"column":2},"end":{"line":397,"column":3}},"169":{"start":{"line":381,"column":4},"end":{"line":381,"column":117}},"170":{"start":{"line":383,"column":4},"end":{"line":386,"column":5}},"171":{"start":{"line":384,"column":6},"end":{"line":384,"column":50}},"172":{"start":{"line":385,"column":6},"end":{"line":385,"column":13}},"173":{"start":{"line":388,"column":4},"end":{"line":391,"column":5}},"174":{"start":{"line":389,"column":6},"end":{"line":389,"column":50}},"175":{"start":{"line":390,"column":6},"end":{"line":390,"column":13}},"176":{"start":{"line":395,"column":4},"end":{"line":395,"column":32}},"177":{"start":{"line":396,"column":4},"end":{"line":396,"column":11}},"178":{"start":{"line":400,"column":18},"end":{"line":400,"column":38}},"179":{"start":{"line":401,"column":2},"end":{"line":468,"column":3}},"180":{"start":{"line":403,"column":17},"end":{"line":403,"column":33}},"181":{"start":{"line":405,"column":27},"end":{"line":405,"column":31}},"182":{"start":{"line":406,"column":14},"end":{"line":406,"column":18}},"183":{"start":{"line":407,"column":17},"end":{"line":407,"column":29}},"184":{"start":{"line":408,"column":19},"end":{"line":408,"column":23}},"185":{"start":{"line":409,"column":17},"end":{"line":409,"column":18}},"186":{"start":{"line":410,"column":15},"end":{"line":410,"column":16}},"187":{"start":{"line":411,"column":15},"end":{"line":411,"column":16}},"188":{"start":{"line":413,"column":4},"end":{"line":450,"column":5}},"189":{"start":{"line":414,"column":6},"end":{"line":446,"column":7}},"190":{"start":{"line":416,"column":8},"end":{"line":416,"column":19}},"191":{"start":{"line":417,"column":8},"end":{"line":445,"column":9}},"192":{"start":{"line":419,"column":10},"end":{"line":422,"column":11}},"193":{"start":{"line":421,"column":10},"end":{"line":421,"column":61}},"194":{"start":{"line":424,"column":10},"end":{"line":431,"column":11}},"195":{"start":{"line":426,"column":12},"end":{"line":426,"column":76}},"196":{"start":{"line":427,"column":12},"end":{"line":427,"column":67}},"197":{"start":{"line":428,"column":12},"end":{"line":428,"column":65}},"198":{"start":{"line":429,"column":12},"end":{"line":429,"column":63}},"199":{"start":{"line":430,"column":12},"end":{"line":430,"column":63}},"200":{"start":{"line":432,"column":10},"end":{"line":439,"column":12}},"201":{"start":{"line":443,"column":10},"end":{"line":443,"column":19}},"202":{"start":{"line":444,"column":10},"end":{"line":444,"column":47}},"203":{"start":{"line":449,"column":6},"end":{"line":449,"column":45}},"204":{"start":{"line":453,"column":4},"end":{"line":453,"column":32}},"205":{"start":{"line":454,"column":4},"end":{"line":459,"column":5}},"206":{"start":{"line":455,"column":6},"end":{"line":455,"column":22}},"207":{"start":{"line":456,"column":6},"end":{"line":456,"column":20}},"208":{"start":{"line":457,"column":6},"end":{"line":457,"column":18}},"209":{"start":{"line":458,"column":6},"end":{"line":458,"column":18}},"210":{"start":{"line":461,"column":19},"end":{"line":461,"column":94}},"211":{"start":{"line":462,"column":15},"end":{"line":462,"column":26}},"212":{"start":{"line":463,"column":14},"end":{"line":463,"column":68}},"213":{"start":{"line":464,"column":4},"end":{"line":464,"column":30}},"214":{"start":{"line":467,"column":4},"end":{"line":467,"column":38}},"215":{"start":{"line":473,"column":0},"end":{"line":475,"column":2}},"216":{"start":{"line":474,"column":2},"end":{"line":474,"column":103}},"217":{"start":{"line":474,"column":7},"end":{"line":474,"column":22}},"218":{"start":{"line":474,"column":23},"end":{"line":474,"column":53}},"219":{"start":{"line":474,"column":63},"end":{"line":474,"column":102}},"220":{"start":{"line":478,"column":0},"end":{"line":620,"column":3}},"221":{"start":{"line":480,"column":2},"end":{"line":485,"column":3}},"222":{"start":{"line":481,"column":4},"end":{"line":481,"column":18}},"223":{"start":{"line":484,"column":4},"end":{"line":484,"column":49}},"224":{"start":{"line":487,"column":2},"end":{"line":610,"column":3}},"225":{"start":{"line":492,"column":5},"end":{"line":502,"column":5}},"226":{"start":{"line":505,"column":4},"end":{"line":505,"column":88}},"227":{"start":{"line":509,"column":4},"end":{"line":513,"column":6}},"228":{"start":{"line":512,"column":13},"end":{"line":512,"column":50}},"229":{"start":{"line":515,"column":4},"end":{"line":519,"column":6}},"230":{"start":{"line":518,"column":12},"end":{"line":518,"column":54}},"231":{"start":{"line":521,"column":4},"end":{"line":525,"column":6}},"232":{"start":{"line":524,"column":12},"end":{"line":524,"column":59}},"233":{"start":{"line":527,"column":24},"end":{"line":527,"column":26}},"234":{"start":{"line":528,"column":15},"end":{"line":528,"column":17}},"235":{"start":{"line":529,"column":4},"end":{"line":601,"column":6}},"236":{"start":{"line":534,"column":8},"end":{"line":534,"column":42}},"237":{"start":{"line":536,"column":8},"end":{"line":599,"column":9}},"238":{"start":{"line":539,"column":25},"end":{"line":539,"column":52}},"239":{"start":{"line":540,"column":27},"end":{"line":540,"column":52}},"240":{"start":{"line":541,"column":29},"end":{"line":541,"column":31}},"241":{"start":{"line":542,"column":12},"end":{"line":542,"column":81}},"242":{"start":{"line":542,"column":62},"end":{"line":542,"column":79}},"243":{"start":{"line":545,"column":12},"end":{"line":598,"column":13}},"244":{"start":{"line":547,"column":25},"end":{"line":552,"column":71}},"245":{"start":{"line":554,"column":14},"end":{"line":554,"column":88}},"246":{"start":{"line":557,"column":14},"end":{"line":564,"column":17}},"247":{"start":{"line":565,"column":14},"end":{"line":565,"column":50}},"248":{"start":{"line":567,"column":14},"end":{"line":597,"column":15}},"249":{"start":{"line":569,"column":30},"end":{"line":569,"column":35}},"250":{"start":{"line":570,"column":16},"end":{"line":580,"column":17}},"251":{"start":{"line":570,"column":29},"end":{"line":570,"column":30}},"252":{"start":{"line":573,"column":18},"end":{"line":579,"column":19}},"253":{"start":{"line":576,"column":20},"end":{"line":576,"column":33}},"254":{"start":{"line":578,"column":20},"end":{"line":578,"column":54}},"255":{"start":{"line":581,"column":16},"end":{"line":596,"column":17}},"256":{"start":{"line":584,"column":29},"end":{"line":584,"column":108}},"257":{"start":{"line":586,"column":18},"end":{"line":591,"column":19}},"258":{"start":{"line":588,"column":20},"end":{"line":590,"column":88}},"259":{"start":{"line":592,"column":18},"end":{"line":592,"column":91}},"260":{"start":{"line":593,"column":18},"end":{"line":593,"column":93}},"261":{"start":{"line":594,"column":18},"end":{"line":594,"column":29}},"262":{"start":{"line":595,"column":18},"end":{"line":595,"column":38}},"263":{"start":{"line":604,"column":6},"end":{"line":604,"column":34}},"264":{"start":{"line":608,"column":4},"end":{"line":608,"column":41}},"265":{"start":{"line":609,"column":4},"end":{"line":609,"column":28}},"266":{"start":{"line":612,"column":17},"end":{"line":612,"column":55}},"267":{"start":{"line":613,"column":2},"end":{"line":613,"column":25}},"268":{"start":{"line":615,"column":2},"end":{"line":617,"column":5}},"269":{"start":{"line":616,"column":4},"end":{"line":616,"column":34}},"270":{"start":{"line":623,"column":0},"end":{"line":689,"column":2}},"271":{"start":{"line":624,"column":17},"end":{"line":624,"column":19}},"272":{"start":{"line":625,"column":2},"end":{"line":665,"column":3}},"273":{"start":{"line":626,"column":4},"end":{"line":626,"column":29}},"274":{"start":{"line":629,"column":4},"end":{"line":634,"column":5}},"275":{"start":{"line":630,"column":6},"end":{"line":630,"column":52}},"276":{"start":{"line":633,"column":6},"end":{"line":633,"column":26}},"277":{"start":{"line":637,"column":4},"end":{"line":637,"column":173}},"278":{"start":{"line":638,"column":14},"end":{"line":638,"column":16}},"279":{"start":{"line":639,"column":19},"end":{"line":639,"column":21}},"280":{"start":{"line":640,"column":4},"end":{"line":659,"column":5}},"281":{"start":{"line":641,"column":6},"end":{"line":658,"column":7}},"282":{"start":{"line":642,"column":8},"end":{"line":654,"column":9}},"283":{"start":{"line":643,"column":10},"end":{"line":653,"column":11}},"284":{"start":{"line":644,"column":12},"end":{"line":652,"column":13}},"285":{"start":{"line":645,"column":14},"end":{"line":645,"column":36}},"286":{"start":{"line":646,"column":14},"end":{"line":651,"column":17}},"287":{"start":{"line":657,"column":8},"end":{"line":657,"column":46}},"288":{"start":{"line":662,"column":4},"end":{"line":662,"column":37}},"289":{"start":{"line":663,"column":4},"end":{"line":663,"column":35}},"290":{"start":{"line":664,"column":4},"end":{"line":664,"column":11}},"291":{"start":{"line":668,"column":11},"end":{"line":668,"column":13}},"292":{"start":{"line":669,"column":2},"end":{"line":686,"column":3}},"293":{"start":{"line":671,"column":19},"end":{"line":671,"column":68}},"294":{"start":{"line":672,"column":4},"end":{"line":672,"column":72}},"295":{"start":{"line":674,"column":4},"end":{"line":681,"column":5}},"296":{"start":{"line":676,"column":21},"end":{"line":676,"column":96}},"297":{"start":{"line":678,"column":6},"end":{"line":680,"column":7}},"298":{"start":{"line":678,"column":19},"end":{"line":678,"column":20}},"299":{"start":{"line":679,"column":8},"end":{"line":679,"column":49}},"300":{"start":{"line":688,"column":0},"end":{"line":688,"column":28}},"301":{"start":{"line":692,"column":0},"end":{"line":793,"column":2}},"302":{"start":{"line":693,"column":20},"end":{"line":693,"column":22}},"303":{"start":{"line":694,"column":19},"end":{"line":694,"column":21}},"304":{"start":{"line":695,"column":13},"end":{"line":695,"column":15}},"305":{"start":{"line":696,"column":13},"end":{"line":696,"column":15}},"306":{"start":{"line":698,"column":15},"end":{"line":698,"column":74}},"307":{"start":{"line":700,"column":2},"end":{"line":789,"column":3}},"308":{"start":{"line":701,"column":4},"end":{"line":701,"column":33}},"309":{"start":{"line":704,"column":4},"end":{"line":706,"column":5}},"310":{"start":{"line":705,"column":6},"end":{"line":705,"column":50}},"311":{"start":{"line":708,"column":4},"end":{"line":708,"column":150}},"312":{"start":{"line":710,"column":20},"end":{"line":710,"column":72}},"313":{"start":{"line":711,"column":19},"end":{"line":711,"column":21}},"314":{"start":{"line":712,"column":4},"end":{"line":715,"column":5}},"315":{"start":{"line":713,"column":6},"end":{"line":713,"column":50}},"316":{"start":{"line":714,"column":6},"end":{"line":714,"column":13}},"317":{"start":{"line":717,"column":4},"end":{"line":720,"column":7}},"318":{"start":{"line":723,"column":4},"end":{"line":723,"column":150}},"319":{"start":{"line":725,"column":4},"end":{"line":728,"column":5}},"320":{"start":{"line":726,"column":6},"end":{"line":726,"column":37}},"321":{"start":{"line":727,"column":6},"end":{"line":727,"column":13}},"322":{"start":{"line":730,"column":23},"end":{"line":730,"column":43}},"323":{"start":{"line":731,"column":4},"end":{"line":735,"column":3}},"324":{"start":{"line":732,"column":4},"end":{"line":734,"column":5}},"325":{"start":{"line":733,"column":4},"end":{"line":733,"column":131}},"326":{"start":{"line":738,"column":4},"end":{"line":738,"column":139}},"327":{"start":{"line":740,"column":4},"end":{"line":743,"column":5}},"328":{"start":{"line":741,"column":6},"end":{"line":741,"column":37}},"329":{"start":{"line":742,"column":6},"end":{"line":742,"column":13}},"330":{"start":{"line":745,"column":4},"end":{"line":774,"column":5}},"331":{"start":{"line":746,"column":16},"end":{"line":746,"column":111}},"332":{"start":{"line":747,"column":27},"end":{"line":747,"column":53}},"333":{"start":{"line":747,"column":40},"end":{"line":747,"column":53}},"334":{"start":{"line":748,"column":23},"end":{"line":748,"column":60}},"335":{"start":{"line":748,"column":36},"end":{"line":748,"column":60}},"336":{"start":{"line":750,"column":6},"end":{"line":773,"column":7}},"337":{"start":{"line":751,"column":8},"end":{"line":761,"column":9}},"338":{"start":{"line":752,"column":10},"end":{"line":757,"column":11}},"339":{"start":{"line":753,"column":12},"end":{"line":756,"column":14}},"340":{"start":{"line":760,"column":10},"end":{"line":760,"column":46}},"341":{"start":{"line":762,"column":29},"end":{"line":762,"column":86}},"342":{"start":{"line":762,"column":61},"end":{"line":762,"column":85}},"343":{"start":{"line":765,"column":10},"end":{"line":769,"column":11}},"344":{"start":{"line":766,"column":12},"end":{"line":768,"column":13}},"345":{"start":{"line":767,"column":14},"end":{"line":767,"column":43}},"346":{"start":{"line":772,"column":8},"end":{"line":772,"column":47}},"347":{"start":{"line":777,"column":4},"end":{"line":784,"column":5}},"348":{"start":{"line":779,"column":20},"end":{"line":779,"column":68}},"349":{"start":{"line":779,"column":52},"end":{"line":779,"column":67}},"350":{"start":{"line":780,"column":6},"end":{"line":783,"column":8}},"351":{"start":{"line":788,"column":4},"end":{"line":788,"column":43}},"352":{"start":{"line":791,"column":2},"end":{"line":791,"column":33}},"353":{"start":{"line":795,"column":0},"end":{"line":795,"column":39}}},"fnMap":{"0":{"name":"sendmail","decl":{"start":{"line":59,"column":15},"end":{"line":59,"column":23}},"loc":{"start":{"line":59,"column":51},"end":{"line":74,"column":1}},"line":59},"1":{"name":"(anonymous_1)","decl":{"start":{"line":68,"column":36},"end":{"line":68,"column":37}},"loc":{"start":{"line":68,"column":57},"end":{"line":73,"column":1}},"line":68},"2":{"name":"embedTweet","decl":{"start":{"line":77,"column":15},"end":{"line":77,"column":25}},"loc":{"start":{"line":77,"column":29},"end":{"line":80,"column":1}},"line":77},"3":{"name":"getauthor","decl":{"start":{"line":83,"column":15},"end":{"line":83,"column":24}},"loc":{"start":{"line":83,"column":35},"end":{"line":92,"column":1}},"line":83},"4":{"name":"getGeo","decl":{"start":{"line":95,"column":15},"end":{"line":95,"column":21}},"loc":{"start":{"line":95,"column":31},"end":{"line":105,"column":1}},"line":95},"5":{"name":"find_medium","decl":{"start":{"line":108,"column":9},"end":{"line":108,"column":20}},"loc":{"start":{"line":108,"column":33},"end":{"line":119,"column":1}},"line":108},"6":{"name":"sentiment_analyze","decl":{"start":{"line":122,"column":15},"end":{"line":122,"column":32}},"loc":{"start":{"line":122,"column":43},"end":{"line":158,"column":1}},"line":122},"7":{"name":"delete_rules","decl":{"start":{"line":161,"column":15},"end":{"line":161,"column":27}},"loc":{"start":{"line":161,"column":29},"end":{"line":183,"column":1}},"line":161},"8":{"name":"getPlace","decl":{"start":{"line":186,"column":15},"end":{"line":186,"column":23}},"loc":{"start":{"line":186,"column":31},"end":{"line":205,"column":1}},"line":186},"9":{"name":"(anonymous_9)","decl":{"start":{"line":189,"column":21},"end":{"line":189,"column":22}},"loc":{"start":{"line":189,"column":42},"end":{"line":204,"column":3}},"line":189},"10":{"name":"(anonymous_10)","decl":{"start":{"line":190,"column":29},"end":{"line":190,"column":30}},"loc":{"start":{"line":190,"column":36},"end":{"line":200,"column":5}},"line":190},"11":{"name":"(anonymous_11)","decl":{"start":{"line":209,"column":24},"end":{"line":209,"column":25}},"loc":{"start":{"line":209,"column":43},"end":{"line":291,"column":1}},"line":209},"12":{"name":"(anonymous_12)","decl":{"start":{"line":267,"column":26},"end":{"line":267,"column":27}},"loc":{"start":{"line":267,"column":39},"end":{"line":267,"column":66}},"line":267},"13":{"name":"(anonymous_13)","decl":{"start":{"line":294,"column":23},"end":{"line":294,"column":24}},"loc":{"start":{"line":294,"column":37},"end":{"line":331,"column":1}},"line":294},"14":{"name":"(anonymous_14)","decl":{"start":{"line":302,"column":103},"end":{"line":302,"column":104}},"loc":{"start":{"line":302,"column":125},"end":{"line":326,"column":5}},"line":302},"15":{"name":"(anonymous_15)","decl":{"start":{"line":334,"column":26},"end":{"line":334,"column":27}},"loc":{"start":{"line":334,"column":45},"end":{"line":469,"column":1}},"line":334},"16":{"name":"(anonymous_16)","decl":{"start":{"line":473,"column":27},"end":{"line":473,"column":28}},"loc":{"start":{"line":473,"column":47},"end":{"line":475,"column":1}},"line":473},"17":{"name":"(anonymous_17)","decl":{"start":{"line":478,"column":26},"end":{"line":478,"column":27}},"loc":{"start":{"line":478,"column":46},"end":{"line":620,"column":1}},"line":478},"18":{"name":"(anonymous_18)","decl":{"start":{"line":512,"column":6},"end":{"line":512,"column":7}},"loc":{"start":{"line":512,"column":13},"end":{"line":512,"column":50}},"line":512},"19":{"name":"(anonymous_19)","decl":{"start":{"line":518,"column":6},"end":{"line":518,"column":7}},"loc":{"start":{"line":518,"column":12},"end":{"line":518,"column":54}},"line":518},"20":{"name":"(anonymous_20)","decl":{"start":{"line":524,"column":6},"end":{"line":524,"column":7}},"loc":{"start":{"line":524,"column":12},"end":{"line":524,"column":59}},"line":524},"21":{"name":"(anonymous_21)","decl":{"start":{"line":532,"column":6},"end":{"line":532,"column":7}},"loc":{"start":{"line":532,"column":25},"end":{"line":600,"column":7}},"line":532},"22":{"name":"(anonymous_22)","decl":{"start":{"line":542,"column":55},"end":{"line":542,"column":56}},"loc":{"start":{"line":542,"column":62},"end":{"line":542,"column":79}},"line":542},"23":{"name":"(anonymous_23)","decl":{"start":{"line":615,"column":22},"end":{"line":615,"column":23}},"loc":{"start":{"line":615,"column":34},"end":{"line":617,"column":3}},"line":615},"24":{"name":"(anonymous_24)","decl":{"start":{"line":623,"column":26},"end":{"line":623,"column":27}},"loc":{"start":{"line":623,"column":46},"end":{"line":689,"column":1}},"line":623},"25":{"name":"(anonymous_25)","decl":{"start":{"line":692,"column":34},"end":{"line":692,"column":35}},"loc":{"start":{"line":692,"column":54},"end":{"line":793,"column":1}},"line":692},"26":{"name":"(anonymous_26)","decl":{"start":{"line":747,"column":27},"end":{"line":747,"column":28}},"loc":{"start":{"line":747,"column":40},"end":{"line":747,"column":53}},"line":747},"27":{"name":"(anonymous_27)","decl":{"start":{"line":748,"column":23},"end":{"line":748,"column":24}},"loc":{"start":{"line":748,"column":36},"end":{"line":748,"column":60}},"line":748},"28":{"name":"(anonymous_28)","decl":{"start":{"line":762,"column":53},"end":{"line":762,"column":54}},"loc":{"start":{"line":762,"column":61},"end":{"line":762,"column":85}},"line":762},"29":{"name":"(anonymous_29)","decl":{"start":{"line":779,"column":44},"end":{"line":779,"column":45}},"loc":{"start":{"line":779,"column":52},"end":{"line":779,"column":67}},"line":779}},"branchMap":{"0":{"loc":{"start":{"line":69,"column":4},"end":{"line":71,"column":5}},"type":"if","locations":[{"start":{"line":69,"column":4},"end":{"line":71,"column":5}},{"start":{},"end":{}}],"line":69},"1":{"loc":{"start":{"line":191,"column":6},"end":{"line":193,"column":7}},"type":"if","locations":[{"start":{"line":191,"column":6},"end":{"line":193,"column":7}},{"start":{},"end":{}}],"line":191},"2":{"loc":{"start":{"line":195,"column":6},"end":{"line":199,"column":7}},"type":"if","locations":[{"start":{"line":195,"column":6},"end":{"line":199,"column":7}},{"start":{"line":197,"column":13},"end":{"line":199,"column":7}}],"line":195},"3":{"loc":{"start":{"line":214,"column":3},"end":{"line":217,"column":4}},"type":"if","locations":[{"start":{"line":214,"column":3},"end":{"line":217,"column":4}},{"start":{},"end":{}}],"line":214},"4":{"loc":{"start":{"line":223,"column":16},"end":{"line":223,"column":72}},"type":"cond-expr","locations":[{"start":{"line":223,"column":50},"end":{"line":223,"column":52}},{"start":{"line":223,"column":53},"end":{"line":223,"column":72}}],"line":223},"5":{"loc":{"start":{"line":225,"column":2},"end":{"line":230,"column":3}},"type":"if","locations":[{"start":{"line":225,"column":2},"end":{"line":230,"column":3}},{"start":{"line":228,"column":7},"end":{"line":230,"column":3}}],"line":225},"6":{"loc":{"start":{"line":228,"column":7},"end":{"line":230,"column":3}},"type":"if","locations":[{"start":{"line":228,"column":7},"end":{"line":230,"column":3}},{"start":{},"end":{}}],"line":228},"7":{"loc":{"start":{"line":236,"column":3},"end":{"line":239,"column":4}},"type":"if","locations":[{"start":{"line":236,"column":3},"end":{"line":239,"column":4}},{"start":{},"end":{}}],"line":236},"8":{"loc":{"start":{"line":254,"column":6},"end":{"line":256,"column":7}},"type":"if","locations":[{"start":{"line":254,"column":6},"end":{"line":256,"column":7}},{"start":{},"end":{}}],"line":254},"9":{"loc":{"start":{"line":268,"column":6},"end":{"line":284,"column":7}},"type":"if","locations":[{"start":{"line":268,"column":6},"end":{"line":284,"column":7}},{"start":{"line":276,"column":6},"end":{"line":284,"column":7}}],"line":268},"10":{"loc":{"start":{"line":279,"column":10},"end":{"line":282,"column":11}},"type":"if","locations":[{"start":{"line":279,"column":10},"end":{"line":282,"column":11}},{"start":{},"end":{}}],"line":279},"11":{"loc":{"start":{"line":299,"column":17},"end":{"line":299,"column":86}},"type":"cond-expr","locations":[{"start":{"line":299,"column":48},"end":{"line":299,"column":55}},{"start":{"line":299,"column":57},"end":{"line":299,"column":86}}],"line":299},"12":{"loc":{"start":{"line":304,"column":6},"end":{"line":307,"column":7}},"type":"if","locations":[{"start":{"line":304,"column":6},"end":{"line":307,"column":7}},{"start":{},"end":{}}],"line":304},"13":{"loc":{"start":{"line":310,"column":8},"end":{"line":320,"column":9}},"type":"if","locations":[{"start":{"line":310,"column":8},"end":{"line":320,"column":9}},{"start":{"line":315,"column":12},"end":{"line":320,"column":9}}],"line":310},"14":{"loc":{"start":{"line":337,"column":16},"end":{"line":337,"column":72}},"type":"cond-expr","locations":[{"start":{"line":337,"column":50},"end":{"line":337,"column":52}},{"start":{"line":337,"column":53},"end":{"line":337,"column":72}}],"line":337},"15":{"loc":{"start":{"line":339,"column":2},"end":{"line":344,"column":3}},"type":"if","locations":[{"start":{"line":339,"column":2},"end":{"line":344,"column":3}},{"start":{"line":342,"column":7},"end":{"line":344,"column":3}}],"line":339},"16":{"loc":{"start":{"line":342,"column":7},"end":{"line":344,"column":3}},"type":"if","locations":[{"start":{"line":342,"column":7},"end":{"line":344,"column":3}},{"start":{},"end":{}}],"line":342},"17":{"loc":{"start":{"line":347,"column":19},"end":{"line":347,"column":89}},"type":"cond-expr","locations":[{"start":{"line":347,"column":55},"end":{"line":347,"column":57}},{"start":{"line":347,"column":58},"end":{"line":347,"column":89}}],"line":347},"18":{"loc":{"start":{"line":349,"column":2},"end":{"line":352,"column":3}},"type":"if","locations":[{"start":{"line":349,"column":2},"end":{"line":352,"column":3}},{"start":{},"end":{}}],"line":349},"19":{"loc":{"start":{"line":354,"column":17},"end":{"line":354,"column":77}},"type":"cond-expr","locations":[{"start":{"line":354,"column":51},"end":{"line":354,"column":58}},{"start":{"line":354,"column":59},"end":{"line":354,"column":77}}],"line":354},"20":{"loc":{"start":{"line":355,"column":19},"end":{"line":355,"column":79}},"type":"cond-expr","locations":[{"start":{"line":355,"column":53},"end":{"line":355,"column":60}},{"start":{"line":355,"column":61},"end":{"line":355,"column":79}}],"line":355},"21":{"loc":{"start":{"line":358,"column":2},"end":{"line":363,"column":3}},"type":"if","locations":[{"start":{"line":358,"column":2},"end":{"line":363,"column":3}},{"start":{"line":361,"column":7},"end":{"line":363,"column":3}}],"line":358},"22":{"loc":{"start":{"line":361,"column":7},"end":{"line":363,"column":3}},"type":"if","locations":[{"start":{"line":361,"column":7},"end":{"line":363,"column":3}},{"start":{},"end":{}}],"line":361},"23":{"loc":{"start":{"line":365,"column":2},"end":{"line":368,"column":3}},"type":"if","locations":[{"start":{"line":365,"column":2},"end":{"line":368,"column":3}},{"start":{},"end":{}}],"line":365},"24":{"loc":{"start":{"line":370,"column":2},"end":{"line":371,"column":42}},"type":"if","locations":[{"start":{"line":370,"column":2},"end":{"line":371,"column":42}},{"start":{},"end":{}}],"line":370},"25":{"loc":{"start":{"line":373,"column":2},"end":{"line":374,"column":32}},"type":"if","locations":[{"start":{"line":373,"column":2},"end":{"line":374,"column":32}},{"start":{},"end":{}}],"line":373},"26":{"loc":{"start":{"line":383,"column":4},"end":{"line":386,"column":5}},"type":"if","locations":[{"start":{"line":383,"column":4},"end":{"line":386,"column":5}},{"start":{},"end":{}}],"line":383},"27":{"loc":{"start":{"line":388,"column":4},"end":{"line":391,"column":5}},"type":"if","locations":[{"start":{"line":388,"column":4},"end":{"line":391,"column":5}},{"start":{},"end":{}}],"line":388},"28":{"loc":{"start":{"line":401,"column":2},"end":{"line":468,"column":3}},"type":"if","locations":[{"start":{"line":401,"column":2},"end":{"line":468,"column":3}},{"start":{"line":466,"column":6},"end":{"line":468,"column":3}}],"line":401},"29":{"loc":{"start":{"line":413,"column":4},"end":{"line":450,"column":5}},"type":"if","locations":[{"start":{"line":413,"column":4},"end":{"line":450,"column":5}},{"start":{"line":448,"column":8},"end":{"line":450,"column":5}}],"line":413},"30":{"loc":{"start":{"line":419,"column":10},"end":{"line":422,"column":11}},"type":"if","locations":[{"start":{"line":419,"column":10},"end":{"line":422,"column":11}},{"start":{},"end":{}}],"line":419},"31":{"loc":{"start":{"line":424,"column":10},"end":{"line":431,"column":11}},"type":"if","locations":[{"start":{"line":424,"column":10},"end":{"line":431,"column":11}},{"start":{},"end":{}}],"line":424},"32":{"loc":{"start":{"line":454,"column":4},"end":{"line":459,"column":5}},"type":"if","locations":[{"start":{"line":454,"column":4},"end":{"line":459,"column":5}},{"start":{},"end":{}}],"line":454},"33":{"loc":{"start":{"line":536,"column":8},"end":{"line":599,"column":9}},"type":"if","locations":[{"start":{"line":536,"column":8},"end":{"line":599,"column":9}},{"start":{},"end":{}}],"line":536},"34":{"loc":{"start":{"line":545,"column":12},"end":{"line":598,"column":13}},"type":"if","locations":[{"start":{"line":545,"column":12},"end":{"line":598,"column":13}},{"start":{"line":556,"column":17},"end":{"line":598,"column":13}}],"line":545},"35":{"loc":{"start":{"line":567,"column":14},"end":{"line":597,"column":15}},"type":"if","locations":[{"start":{"line":567,"column":14},"end":{"line":597,"column":15}},{"start":{},"end":{}}],"line":567},"36":{"loc":{"start":{"line":573,"column":18},"end":{"line":579,"column":19}},"type":"if","locations":[{"start":{"line":573,"column":18},"end":{"line":579,"column":19}},{"start":{},"end":{}}],"line":573},"37":{"loc":{"start":{"line":573,"column":22},"end":{"line":574,"column":91}},"type":"binary-expr","locations":[{"start":{"line":573,"column":23},"end":{"line":573,"column":90}},{"start":{"line":574,"column":23},"end":{"line":574,"column":90}}],"line":573},"38":{"loc":{"start":{"line":581,"column":16},"end":{"line":596,"column":17}},"type":"if","locations":[{"start":{"line":581,"column":16},"end":{"line":596,"column":17}},{"start":{},"end":{}}],"line":581},"39":{"loc":{"start":{"line":629,"column":4},"end":{"line":634,"column":5}},"type":"if","locations":[{"start":{"line":629,"column":4},"end":{"line":634,"column":5}},{"start":{"line":632,"column":9},"end":{"line":634,"column":5}}],"line":629},"40":{"loc":{"start":{"line":642,"column":8},"end":{"line":654,"column":9}},"type":"if","locations":[{"start":{"line":642,"column":8},"end":{"line":654,"column":9}},{"start":{},"end":{}}],"line":642},"41":{"loc":{"start":{"line":644,"column":12},"end":{"line":652,"column":13}},"type":"if","locations":[{"start":{"line":644,"column":12},"end":{"line":652,"column":13}},{"start":{},"end":{}}],"line":644},"42":{"loc":{"start":{"line":674,"column":4},"end":{"line":681,"column":5}},"type":"if","locations":[{"start":{"line":674,"column":4},"end":{"line":681,"column":5}},{"start":{},"end":{}}],"line":674},"43":{"loc":{"start":{"line":704,"column":4},"end":{"line":706,"column":5}},"type":"if","locations":[{"start":{"line":704,"column":4},"end":{"line":706,"column":5}},{"start":{},"end":{}}],"line":704},"44":{"loc":{"start":{"line":712,"column":4},"end":{"line":715,"column":5}},"type":"if","locations":[{"start":{"line":712,"column":4},"end":{"line":715,"column":5}},{"start":{},"end":{}}],"line":712},"45":{"loc":{"start":{"line":725,"column":4},"end":{"line":728,"column":5}},"type":"if","locations":[{"start":{"line":725,"column":4},"end":{"line":728,"column":5}},{"start":{},"end":{}}],"line":725},"46":{"loc":{"start":{"line":732,"column":4},"end":{"line":734,"column":5}},"type":"if","locations":[{"start":{"line":732,"column":4},"end":{"line":734,"column":5}},{"start":{},"end":{}}],"line":732},"47":{"loc":{"start":{"line":740,"column":4},"end":{"line":743,"column":5}},"type":"if","locations":[{"start":{"line":740,"column":4},"end":{"line":743,"column":5}},{"start":{},"end":{}}],"line":740},"48":{"loc":{"start":{"line":750,"column":6},"end":{"line":773,"column":7}},"type":"if","locations":[{"start":{"line":750,"column":6},"end":{"line":773,"column":7}},{"start":{"line":771,"column":10},"end":{"line":773,"column":7}}],"line":750},"49":{"loc":{"start":{"line":751,"column":8},"end":{"line":761,"column":9}},"type":"if","locations":[{"start":{"line":751,"column":8},"end":{"line":761,"column":9}},{"start":{"line":759,"column":13},"end":{"line":761,"column":9}}],"line":751},"50":{"loc":{"start":{"line":752,"column":10},"end":{"line":757,"column":11}},"type":"if","locations":[{"start":{"line":752,"column":10},"end":{"line":757,"column":11}},{"start":{},"end":{}}],"line":752},"51":{"loc":{"start":{"line":765,"column":10},"end":{"line":769,"column":11}},"type":"if","locations":[{"start":{"line":765,"column":10},"end":{"line":769,"column":11}},{"start":{},"end":{}}],"line":765},"52":{"loc":{"start":{"line":766,"column":12},"end":{"line":768,"column":13}},"type":"if","locations":[{"start":{"line":766,"column":12},"end":{"line":768,"column":13}},{"start":{},"end":{}}],"line":766}},"s":{"0":1,"1":1,"2":1,"3":1,"4":1,"5":1,"6":1,"7":1,"8":1,"9":1,"10":1,"11":1,"12":1,"13":1,"14":1,"15":1,"16":1,"17":1,"18":1,"19":1,"20":1,"21":1,"22":1,"23":1,"24":1,"25":1,"26":0,"27":0,"28":0,"29":0,"30":0,"31":0,"32":0,"33":0,"34":0,"35":0,"36":0,"37":0,"38":0,"39":0,"40":0,"41":0,"42":0,"43":30,"44":30,"45":30,"46":120,"47":120,"48":30,"49":30,"50":30,"51":20,"52":20,"53":20,"54":20,"55":20,"56":20,"57":20,"58":20,"59":20,"60":0,"61":20,"62":0,"63":0,"64":0,"65":0,"66":0,"67":0,"68":0,"69":0,"70":0,"71":0,"72":0,"73":0,"74":0,"75":0,"76":0,"77":0,"78":0,"79":0,"80":1,"81":1,"82":1,"83":1,"84":1,"85":0,"86":0,"87":0,"88":1,"89":1,"90":0,"91":1,"92":0,"93":1,"94":1,"95":1,"96":1,"97":0,"98":0,"99":0,"100":1,"101":1,"102":1,"103":1,"104":2,"105":2,"106":2,"107":0,"108":2,"109":2,"110":2,"111":1,"112":2,"113":2,"114":0,"115":0,"116":0,"117":0,"118":1,"119":1,"120":1,"121":1,"122":1,"123":1,"124":1,"125":1,"126":0,"127":0,"128":1,"129":30,"130":0,"131":0,"132":0,"133":30,"134":30,"135":30,"136":30,"137":30,"138":30,"139":1,"140":1,"141":0,"142":1,"143":7,"144":7,"145":7,"146":0,"147":7,"148":0,"149":7,"150":7,"151":7,"152":0,"153":0,"154":7,"155":7,"156":7,"157":1,"158":6,"159":0,"160":7,"161":7,"162":1,"163":7,"164":0,"165":7,"166":0,"167":7,"168":7,"169":7,"170":6,"171":0,"172":0,"173":6,"174":0,"175":0,"176":1,"177":1,"178":6,"179":6,"180":6,"181":6,"182":6,"183":6,"184":6,"185":6,"186":6,"187":6,"188":6,"189":6,"190":107,"191":107,"192":107,"193":0,"194":107,"195":20,"196":20,"197":20,"198":20,"199":20,"200":107,"201":0,"202":0,"203":0,"204":6,"205":6,"206":4,"207":4,"208":4,"209":4,"210":6,"211":6,"212":6,"213":6,"214":0,"215":1,"216":0,"217":0,"218":0,"219":0,"220":1,"221":0,"222":0,"223":0,"224":0,"225":0,"226":0,"227":0,"228":0,"229":0,"230":0,"231":0,"232":0,"233":0,"234":0,"235":0,"236":0,"237":0,"238":0,"239":0,"240":0,"241":0,"242":0,"243":0,"244":0,"245":0,"246":0,"247":0,"248":0,"249":0,"250":0,"251":0,"252":0,"253":0,"254":0,"255":0,"256":0,"257":0,"258":0,"259":0,"260":0,"261":0,"262":0,"263":0,"264":0,"265":0,"266":0,"267":0,"268":0,"269":0,"270":1,"271":1,"272":1,"273":1,"274":1,"275":0,"276":1,"277":1,"278":1,"279":1,"280":1,"281":0,"282":0,"283":0,"284":0,"285":0,"286":0,"287":0,"288":1,"289":1,"290":1,"291":0,"292":0,"293":0,"294":0,"295":0,"296":0,"297":0,"298":0,"299":0,"300":0,"301":1,"302":1,"303":1,"304":1,"305":1,"306":1,"307":1,"308":1,"309":1,"310":0,"311":1,"312":1,"313":0,"314":0,"315":0,"316":0,"317":0,"318":0,"319":0,"320":0,"321":0,"322":0,"323":0,"324":0,"325":0,"326":0,"327":0,"328":0,"329":0,"330":0,"331":0,"332":0,"333":0,"334":0,"335":0,"336":0,"337":0,"338":0,"339":0,"340":0,"341":0,"342":0,"343":0,"344":0,"345":0,"346":0,"347":0,"348":0,"349":0,"350":0,"351":1,"352":1,"353":1},"f":{"0":0,"1":0,"2":0,"3":0,"4":0,"5":30,"6":20,"7":0,"8":0,"9":0,"10":0,"11":1,"12":1,"13":1,"14":1,"15":7,"16":0,"17":0,"18":0,"19":0,"20":0,"21":0,"22":0,"23":0,"24":1,"25":1,"26":0,"27":0,"28":0,"29":0},"b":{"0":[0,0],"1":[0,0],"2":[0,0],"3":[0,1],"4":[1,0],"5":[0,1],"6":[0,1],"7":[0,1],"8":[0,2],"9":[2,0],"10":[0,0],"11":[0,1],"12":[0,1],"13":[0,30],"14":[4,3],"15":[0,7],"16":[0,7],"17":[6,1],"18":[0,7],"19":[6,1],"20":[7,0],"21":[1,6],"22":[0,6],"23":[7,0],"24":[0,7],"25":[0,7],"26":[0,6],"27":[0,6],"28":[6,0],"29":[6,0],"30":[0,107],"31":[20,87],"32":[4,2],"33":[0,0],"34":[0,0],"35":[0,0],"36":[0,0],"37":[0,0],"38":[0,0],"39":[0,1],"40":[0,0],"41":[0,0],"42":[0,0],"43":[0,1],"44":[0,0],"45":[0,0],"46":[0,0],"47":[0,0],"48":[0,0],"49":[0,0],"50":[0,0],"51":[0,0],"52":[0,0]},"_coverageSchema":"1a1c01bbd47fc00a2c39e90264f33305004495a9","hash":"2fa8327054ebdbabbd8a6d770a71439673ba24df"}
}
