TN:
SF:server.js
FN:21,sendmail
FN:31,(anonymous_1)
FN:63,embedTweet
FN:68,(anonymous_3)
FN:133,find_medium
FN:147,(anonymous_5)
FN:153,(anonymous_6)
FN:186,getauthor
FN:198,getGeo
FN:211,sentiment_analyze
FN:250,(anonymous_10)
FN:381,delete_rules
FN:412,(anonymous_12)
FN:442,(anonymous_13)
FN:448,(anonymous_14)
FN:454,(anonymous_15)
FN:460,(anonymous_16)
FN:508,(anonymous_17)
FN:516,(anonymous_18)
FN:581,(anonymous_19)
FN:635,(anonymous_20)
FN:636,(anonymous_21)
FN:650,(anonymous_22)
FN:666,(anonymous_23)
FNF:24
FNH:8
FNDA:0,sendmail
FNDA:0,(anonymous_1)
FNDA:0,embedTweet
FNDA:1,(anonymous_3)
FNDA:30,find_medium
FNDA:1,(anonymous_5)
FNDA:1,(anonymous_6)
FNDA:0,getauthor
FNDA:0,getGeo
FNDA:20,sentiment_analyze
FNDA:7,(anonymous_10)
FNDA:0,delete_rules
FNDA:0,(anonymous_12)
FNDA:0,(anonymous_13)
FNDA:0,(anonymous_14)
FNDA:0,(anonymous_15)
FNDA:0,(anonymous_16)
FNDA:0,(anonymous_17)
FNDA:1,(anonymous_18)
FNDA:1,(anonymous_19)
FNDA:0,(anonymous_20)
FNDA:0,(anonymous_21)
FNDA:0,(anonymous_22)
FNDA:0,(anonymous_23)
DA:1,1
DA:2,1
DA:3,1
DA:4,1
DA:5,1
DA:6,1
DA:7,1
DA:8,1
DA:10,1
DA:12,1
DA:14,1
DA:15,1
DA:16,1
DA:18,1
DA:19,1
DA:23,0
DA:31,0
DA:32,0
DA:33,0
DA:35,0
DA:41,1
DA:43,1
DA:44,1
DA:46,1
DA:55,1
DA:56,1
DA:58,1
DA:64,0
DA:65,0
DA:68,1
DA:69,1
DA:71,1
DA:72,1
DA:73,1
DA:74,0
DA:75,0
DA:79,0
DA:82,1
DA:84,1
DA:85,0
DA:87,1
DA:88,0
DA:91,1
DA:93,1
DA:94,1
DA:95,1
DA:96,0
DA:97,0
DA:101,0
DA:104,1
DA:105,1
DA:107,1
DA:110,1
DA:111,1
DA:113,1
DA:114,0
DA:117,1
DA:125,0
DA:128,1
DA:134,30
DA:135,30
DA:136,30
DA:137,120
DA:138,120
DA:140,30
DA:141,30
DA:143,30
DA:147,1
DA:148,1
DA:149,1
DA:150,1
DA:151,1
DA:153,1
DA:155,1
DA:156,0
DA:157,0
DA:160,1
DA:161,30
DA:162,0
DA:163,0
DA:164,0
DA:167,30
DA:168,30
DA:169,30
DA:170,30
DA:172,30
DA:173,30
DA:175,1
DA:176,1
DA:180,0
DA:187,0
DA:188,0
DA:189,0
DA:192,0
DA:194,0
DA:199,0
DA:200,0
DA:201,0
DA:204,0
DA:207,0
DA:212,20
DA:213,20
DA:215,20
DA:216,20
DA:217,20
DA:218,20
DA:221,20
DA:222,20
DA:225,20
DA:237,0
DA:246,20
DA:250,1
DA:251,7
DA:253,7
DA:255,7
DA:256,0
DA:258,7
DA:259,0
DA:262,7
DA:263,7
DA:265,7
DA:266,0
DA:267,0
DA:270,7
DA:271,7
DA:274,7
DA:275,1
DA:277,6
DA:278,0
DA:281,7
DA:282,7
DA:283,1
DA:286,7
DA:287,0
DA:289,7
DA:290,0
DA:293,7
DA:295,7
DA:297,7
DA:299,7
DA:300,0
DA:301,0
DA:305,0
DA:309,7
DA:310,7
DA:312,7
DA:314,7
DA:315,7
DA:316,7
DA:317,7
DA:318,7
DA:319,7
DA:320,7
DA:322,7
DA:323,7
DA:325,132
DA:326,132
DA:328,132
DA:330,0
DA:333,132
DA:335,20
DA:336,20
DA:337,20
DA:338,20
DA:339,20
DA:341,132
DA:352,0
DA:353,0
DA:358,0
DA:362,7
DA:363,7
DA:364,5
DA:365,5
DA:366,5
DA:367,5
DA:370,7
DA:371,7
DA:372,7
DA:373,7
DA:376,0
DA:382,0
DA:383,0
DA:384,0
DA:386,0
DA:389,0
DA:391,0
DA:394,0
DA:407,0
DA:412,1
DA:413,0
DA:414,0
DA:416,0
DA:418,0
DA:436,0
DA:439,0
DA:442,0
DA:445,0
DA:448,0
DA:451,0
DA:454,0
DA:456,0
DA:457,0
DA:461,0
DA:462,0
DA:464,0
DA:465,0
DA:467,0
DA:470,0
DA:471,0
DA:472,0
DA:474,0
DA:475,0
DA:476,0
DA:478,0
DA:481,0
DA:482,0
DA:483,0
DA:486,0
DA:488,0
DA:497,0
DA:501,0
DA:502,0
DA:505,0
DA:506,0
DA:508,0
DA:509,0
DA:516,1
DA:517,1
DA:518,1
DA:519,1
DA:522,1
DA:523,0
DA:526,1
DA:529,1
DA:530,1
DA:531,1
DA:532,1
DA:533,3
DA:534,3
DA:535,2
DA:536,4
DA:537,2
DA:538,2
DA:553,0
DA:557,1
DA:558,1
DA:560,1
DA:561,1
DA:563,1
DA:565,1
DA:567,1
DA:568,2
DA:577,1
DA:581,1
DA:582,1
DA:583,1
DA:584,1
DA:585,1
DA:587,1
DA:589,1
DA:590,1
DA:593,1
DA:594,0
DA:597,1
DA:599,1
DA:600,0
DA:601,0
DA:602,0
DA:603,0
DA:606,0
DA:612,0
DA:614,0
DA:615,0
DA:616,0
DA:619,0
DA:620,0
DA:621,0
DA:622,0
DA:626,0
DA:628,0
DA:629,0
DA:630,0
DA:633,0
DA:634,0
DA:635,0
DA:636,0
DA:638,0
DA:639,0
DA:640,0
DA:641,0
DA:648,0
DA:650,0
DA:652,0
DA:653,0
DA:654,0
DA:659,0
DA:664,0
DA:666,0
DA:667,0
DA:675,1
DA:678,1
DA:685,1
LF:302
LH:171
BRDA:32,0,0,0
BRDA:32,0,1,0
BRDA:73,1,0,0
BRDA:73,1,1,1
BRDA:82,2,0,1
BRDA:82,2,1,0
BRDA:84,3,0,0
BRDA:84,3,1,1
BRDA:87,4,0,0
BRDA:87,4,1,1
BRDA:95,5,0,0
BRDA:95,5,1,1
BRDA:113,6,0,0
BRDA:113,6,1,1
BRDA:150,7,0,0
BRDA:150,7,1,1
BRDA:155,8,0,0
BRDA:155,8,1,1
BRDA:161,9,0,0
BRDA:161,9,1,30
BRDA:253,10,0,4
BRDA:253,10,1,3
BRDA:255,11,0,0
BRDA:255,11,1,7
BRDA:258,12,0,0
BRDA:258,12,1,7
BRDA:263,13,0,6
BRDA:263,13,1,1
BRDA:265,14,0,0
BRDA:265,14,1,7
BRDA:270,15,0,6
BRDA:270,15,1,1
BRDA:271,16,0,7
BRDA:271,16,1,0
BRDA:274,17,0,1
BRDA:274,17,1,6
BRDA:277,18,0,0
BRDA:277,18,1,6
BRDA:281,19,0,7
BRDA:281,19,1,0
BRDA:286,20,0,0
BRDA:286,20,1,7
BRDA:289,21,0,0
BRDA:289,21,1,7
BRDA:299,22,0,0
BRDA:299,22,1,7
BRDA:310,23,0,7
BRDA:310,23,1,0
BRDA:322,24,0,7
BRDA:322,24,1,0
BRDA:328,25,0,0
BRDA:328,25,1,132
BRDA:333,26,0,20
BRDA:333,26,1,112
BRDA:363,27,0,5
BRDA:363,27,1,2
BRDA:462,28,0,0
BRDA:462,28,1,0
BRDA:465,29,0,0
BRDA:465,29,1,0
BRDA:472,30,0,0
BRDA:472,30,1,0
BRDA:478,31,0,0
BRDA:478,31,1,0
BRDA:478,32,0,0
BRDA:478,32,1,0
BRDA:486,33,0,0
BRDA:486,33,1,0
BRDA:522,34,0,0
BRDA:522,34,1,1
BRDA:534,35,0,2
BRDA:534,35,1,0
BRDA:536,36,0,2
BRDA:536,36,1,2
BRDA:563,37,0,1
BRDA:563,37,1,0
BRDA:593,38,0,0
BRDA:593,38,1,1
BRDA:601,39,0,0
BRDA:601,39,1,0
BRDA:614,40,0,0
BRDA:614,40,1,0
BRDA:621,41,0,0
BRDA:621,41,1,0
BRDA:628,42,0,0
BRDA:628,42,1,0
BRDA:638,43,0,0
BRDA:638,43,1,0
BRDA:639,44,0,0
BRDA:639,44,1,0
BRDA:640,45,0,0
BRDA:640,45,1,0
BRDA:652,46,0,0
BRDA:652,46,1,0
BRDA:653,47,0,0
BRDA:653,47,1,0
BRF:96
BRH:39
end_of_record
