TN:
SF:server.js
FN:59,sendmail
FN:68,(anonymous_1)
FN:77,embedTweet
FN:83,getauthor
FN:95,getGeo
FN:108,find_medium
FN:122,sentiment_analyze
FN:161,delete_rules
FN:186,getPlace
FN:189,(anonymous_9)
FN:190,(anonymous_10)
FN:209,(anonymous_11)
FN:267,(anonymous_12)
FN:294,(anonymous_13)
FN:302,(anonymous_14)
FN:334,(anonymous_15)
FN:473,(anonymous_16)
FN:478,(anonymous_17)
FN:512,(anonymous_18)
FN:518,(anonymous_19)
FN:524,(anonymous_20)
FN:532,(anonymous_21)
FN:542,(anonymous_22)
FN:615,(anonymous_23)
FN:623,(anonymous_24)
FN:692,(anonymous_25)
FN:747,(anonymous_26)
FN:748,(anonymous_27)
FN:762,(anonymous_28)
FN:779,(anonymous_29)
FNF:30
FNH:9
FNDA:0,sendmail
FNDA:0,(anonymous_1)
FNDA:0,embedTweet
FNDA:0,getauthor
FNDA:0,getGeo
FNDA:30,find_medium
FNDA:20,sentiment_analyze
FNDA:0,delete_rules
FNDA:0,getPlace
FNDA:0,(anonymous_9)
FNDA:0,(anonymous_10)
FNDA:1,(anonymous_11)
FNDA:1,(anonymous_12)
FNDA:1,(anonymous_13)
FNDA:1,(anonymous_14)
FNDA:7,(anonymous_15)
FNDA:0,(anonymous_16)
FNDA:0,(anonymous_17)
FNDA:0,(anonymous_18)
FNDA:0,(anonymous_19)
FNDA:0,(anonymous_20)
FNDA:0,(anonymous_21)
FNDA:0,(anonymous_22)
FNDA:0,(anonymous_23)
FNDA:1,(anonymous_24)
FNDA:1,(anonymous_25)
FNDA:0,(anonymous_26)
FNDA:0,(anonymous_27)
FNDA:0,(anonymous_28)
FNDA:0,(anonymous_29)
DA:2,1
DA:4,1
DA:5,1
DA:6,1
DA:9,1
DA:11,1
DA:13,1
DA:15,1
DA:17,1
DA:19,1
DA:21,1
DA:23,1
DA:25,1
DA:26,1
DA:28,1
DA:29,1
DA:32,1
DA:34,1
DA:35,1
DA:38,1
DA:40,1
DA:49,1
DA:50,1
DA:52,1
DA:53,1
DA:55,1
DA:60,0
DA:68,0
DA:69,0
DA:70,0
DA:72,0
DA:78,0
DA:79,0
DA:84,0
DA:85,0
DA:86,0
DA:89,0
DA:91,0
DA:96,0
DA:97,0
DA:98,0
DA:101,0
DA:104,0
DA:109,30
DA:110,30
DA:111,30
DA:112,120
DA:113,120
DA:115,30
DA:116,30
DA:118,30
DA:123,20
DA:124,20
DA:126,20
DA:127,20
DA:128,20
DA:129,20
DA:132,20
DA:133,20
DA:136,20
DA:148,0
DA:157,20
DA:162,0
DA:163,0
DA:164,0
DA:166,0
DA:168,0
DA:170,0
DA:173,0
DA:181,0
DA:187,0
DA:189,0
DA:190,0
DA:191,0
DA:192,0
DA:195,0
DA:196,0
DA:198,0
DA:202,0
DA:203,0
DA:209,1
DA:210,1
DA:212,1
DA:213,1
DA:214,1
DA:215,0
DA:216,0
DA:220,0
DA:223,1
DA:225,1
DA:226,0
DA:228,1
DA:229,0
DA:232,1
DA:234,1
DA:235,1
DA:236,1
DA:237,0
DA:238,0
DA:242,0
DA:245,1
DA:246,1
DA:247,1
DA:249,1
DA:251,2
DA:252,2
DA:254,2
DA:255,0
DA:258,2
DA:265,2
DA:267,2
DA:268,2
DA:269,2
DA:277,0
DA:279,0
DA:281,0
DA:287,0
DA:290,1
DA:294,1
DA:295,1
DA:297,1
DA:299,1
DA:300,1
DA:302,1
DA:304,1
DA:305,0
DA:306,0
DA:309,1
DA:310,30
DA:311,0
DA:312,0
DA:313,0
DA:316,30
DA:317,30
DA:318,30
DA:319,30
DA:321,30
DA:322,30
DA:324,1
DA:325,1
DA:329,0
DA:334,1
DA:335,7
DA:337,7
DA:339,7
DA:340,0
DA:342,7
DA:343,0
DA:346,7
DA:347,7
DA:349,7
DA:350,0
DA:351,0
DA:354,7
DA:355,7
DA:358,7
DA:359,1
DA:361,6
DA:362,0
DA:365,7
DA:366,7
DA:367,1
DA:370,7
DA:371,0
DA:373,7
DA:374,0
DA:377,7
DA:379,7
DA:381,7
DA:383,5
DA:384,0
DA:385,0
DA:388,5
DA:389,0
DA:390,0
DA:395,2
DA:396,2
DA:400,5
DA:401,5
DA:403,5
DA:405,5
DA:406,5
DA:407,5
DA:408,5
DA:409,5
DA:410,5
DA:411,5
DA:413,5
DA:414,5
DA:416,82
DA:417,82
DA:419,82
DA:421,0
DA:424,82
DA:426,20
DA:427,20
DA:428,20
DA:429,20
DA:430,20
DA:432,82
DA:443,1
DA:444,1
DA:449,0
DA:453,5
DA:454,5
DA:455,3
DA:456,3
DA:457,3
DA:458,3
DA:461,5
DA:462,5
DA:463,5
DA:464,5
DA:467,0
DA:473,1
DA:474,0
DA:478,1
DA:480,0
DA:481,0
DA:484,0
DA:487,0
DA:492,0
DA:505,0
DA:509,0
DA:512,0
DA:515,0
DA:518,0
DA:521,0
DA:524,0
DA:527,0
DA:528,0
DA:529,0
DA:534,0
DA:536,0
DA:539,0
DA:540,0
DA:541,0
DA:542,0
DA:545,0
DA:547,0
DA:554,0
DA:557,0
DA:565,0
DA:567,0
DA:569,0
DA:570,0
DA:573,0
DA:576,0
DA:578,0
DA:581,0
DA:584,0
DA:586,0
DA:588,0
DA:592,0
DA:593,0
DA:594,0
DA:595,0
DA:604,0
DA:608,0
DA:609,0
DA:612,0
DA:613,0
DA:615,0
DA:616,0
DA:623,1
DA:624,1
DA:625,1
DA:626,1
DA:629,1
DA:630,0
DA:633,1
DA:637,1
DA:638,1
DA:639,1
DA:640,1
DA:641,3
DA:642,3
DA:643,3
DA:644,9
DA:645,3
DA:646,3
DA:657,0
DA:662,0
DA:663,0
DA:664,0
DA:668,1
DA:669,1
DA:671,1
DA:672,1
DA:674,1
DA:676,1
DA:678,1
DA:679,3
DA:688,1
DA:692,1
DA:693,1
DA:694,1
DA:695,1
DA:696,1
DA:698,1
DA:700,1
DA:701,1
DA:704,1
DA:705,0
DA:708,1
DA:710,1
DA:711,0
DA:712,0
DA:713,0
DA:714,0
DA:717,0
DA:723,0
DA:725,0
DA:726,0
DA:727,0
DA:730,0
DA:731,0
DA:732,0
DA:733,0
DA:738,0
DA:740,0
DA:741,0
DA:742,0
DA:745,0
DA:746,0
DA:747,0
DA:748,0
DA:750,0
DA:751,0
DA:752,0
DA:753,0
DA:760,0
DA:762,0
DA:765,0
DA:766,0
DA:767,0
DA:772,0
DA:777,0
DA:779,0
DA:780,0
DA:788,1
DA:791,1
DA:795,1
LF:343
LH:186
BRDA:69,0,0,0
BRDA:69,0,1,0
BRDA:191,1,0,0
BRDA:191,1,1,0
BRDA:195,2,0,0
BRDA:195,2,1,0
BRDA:214,3,0,0
BRDA:214,3,1,1
BRDA:223,4,0,1
BRDA:223,4,1,0
BRDA:225,5,0,0
BRDA:225,5,1,1
BRDA:228,6,0,0
BRDA:228,6,1,1
BRDA:236,7,0,0
BRDA:236,7,1,1
BRDA:254,8,0,0
BRDA:254,8,1,2
BRDA:268,9,0,2
BRDA:268,9,1,0
BRDA:279,10,0,0
BRDA:279,10,1,0
BRDA:299,11,0,0
BRDA:299,11,1,1
BRDA:304,12,0,0
BRDA:304,12,1,1
BRDA:310,13,0,0
BRDA:310,13,1,30
BRDA:337,14,0,4
BRDA:337,14,1,3
BRDA:339,15,0,0
BRDA:339,15,1,7
BRDA:342,16,0,0
BRDA:342,16,1,7
BRDA:347,17,0,6
BRDA:347,17,1,1
BRDA:349,18,0,0
BRDA:349,18,1,7
BRDA:354,19,0,6
BRDA:354,19,1,1
BRDA:355,20,0,7
BRDA:355,20,1,0
BRDA:358,21,0,1
BRDA:358,21,1,6
BRDA:361,22,0,0
BRDA:361,22,1,6
BRDA:365,23,0,7
BRDA:365,23,1,0
BRDA:370,24,0,0
BRDA:370,24,1,7
BRDA:373,25,0,0
BRDA:373,25,1,7
BRDA:383,26,0,0
BRDA:383,26,1,5
BRDA:388,27,0,0
BRDA:388,27,1,5
BRDA:401,28,0,5
BRDA:401,28,1,0
BRDA:413,29,0,5
BRDA:413,29,1,0
BRDA:419,30,0,0
BRDA:419,30,1,82
BRDA:424,31,0,20
BRDA:424,31,1,62
BRDA:454,32,0,3
BRDA:454,32,1,2
BRDA:536,33,0,0
BRDA:536,33,1,0
BRDA:545,34,0,0
BRDA:545,34,1,0
BRDA:567,35,0,0
BRDA:567,35,1,0
BRDA:573,36,0,0
BRDA:573,36,1,0
BRDA:573,37,0,0
BRDA:573,37,1,0
BRDA:581,38,0,0
BRDA:581,38,1,0
BRDA:629,39,0,0
BRDA:629,39,1,1
BRDA:642,40,0,3
BRDA:642,40,1,0
BRDA:644,41,0,3
BRDA:644,41,1,6
BRDA:674,42,0,1
BRDA:674,42,1,0
BRDA:704,43,0,0
BRDA:704,43,1,1
BRDA:712,44,0,0
BRDA:712,44,1,0
BRDA:725,45,0,0
BRDA:725,45,1,0
BRDA:732,46,0,0
BRDA:732,46,1,0
BRDA:740,47,0,0
BRDA:740,47,1,0
BRDA:750,48,0,0
BRDA:750,48,1,0
BRDA:751,49,0,0
BRDA:751,49,1,0
BRDA:752,50,0,0
BRDA:752,50,1,0
BRDA:765,51,0,0
BRDA:765,51,1,0
BRDA:766,52,0,0
BRDA:766,52,1,0
BRF:106
BRH:41
end_of_record
